{"C:\\Users\\mayso\\Downloads\\proshop_mern-master\\proshop_mern-master\\frontend\\src\\App.js": {"path":"C:\\Users\\mayso\\Downloads\\proshop_mern-master\\proshop_mern-master\\frontend\\src\\App.js","statementMap":{"0":{"start":{"line":22,"column":12},"end":{"line":64,"column":1}},"1":{"start":{"line":23,"column":2},"end":{"line":63,"column":3}}},"fnMap":{"0":{"name":"(anonymous_0)","decl":{"start":{"line":22,"column":12},"end":{"line":22,"column":13}},"loc":{"start":{"line":22,"column":18},"end":{"line":64,"column":1}},"line":22}},"branchMap":{},"s":{"0":0,"1":0},"f":{"0":0},"b":{},"hash":"20cd17550004655e7e09f44a63cf0042b3ce5733"}
,"C:\\Users\\mayso\\Downloads\\proshop_mern-master\\proshop_mern-master\\frontend\\src\\index.js": {"path":"C:\\Users\\mayso\\Downloads\\proshop_mern-master\\proshop_mern-master\\frontend\\src\\index.js","statementMap":{"0":{"start":{"line":10,"column":0},"end":{"line":15,"column":1}},"1":{"start":{"line":20,"column":0},"end":{"line":20,"column":26}}},"fnMap":{},"branchMap":{},"s":{"0":0,"1":0},"f":{},"b":{},"hash":"b0e06790f1cb044c91991e2c169415ff803b7367"}
,"C:\\Users\\mayso\\Downloads\\proshop_mern-master\\proshop_mern-master\\frontend\\src\\serviceWorker.js": {"path":"C:\\Users\\mayso\\Downloads\\proshop_mern-master\\proshop_mern-master\\frontend\\src\\serviceWorker.js","statementMap":{"0":{"start":{"line":13,"column":20},"end":{"line":21,"column":1}},"1":{"start":{"line":24,"column":2},"end":{"line":54,"column":3}},"2":{"start":{"line":26,"column":22},"end":{"line":26,"column":75}},"3":{"start":{"line":27,"column":4},"end":{"line":32,"column":5}},"4":{"start":{"line":31,"column":6},"end":{"line":31,"column":13}},"5":{"start":{"line":34,"column":4},"end":{"line":53,"column":7}},"6":{"start":{"line":35,"column":20},"end":{"line":35,"column":65}},"7":{"start":{"line":37,"column":6},"end":{"line":52,"column":7}},"8":{"start":{"line":39,"column":8},"end":{"line":39,"column":47}},"9":{"start":{"line":43,"column":8},"end":{"line":48,"column":11}},"10":{"start":{"line":44,"column":10},"end":{"line":47,"column":12}},"11":{"start":{"line":51,"column":8},"end":{"line":51,"column":39}},"12":{"start":{"line":58,"column":2},"end":{"line":98,"column":7}},"13":{"start":{"line":61,"column":6},"end":{"line":94,"column":8}},"14":{"start":{"line":62,"column":33},"end":{"line":62,"column":56}},"15":{"start":{"line":63,"column":8},"end":{"line":65,"column":9}},"16":{"start":{"line":64,"column":10},"end":{"line":64,"column":17}},"17":{"start":{"line":66,"column":8},"end":{"line":93,"column":10}},"18":{"start":{"line":67,"column":10},"end":{"line":92,"column":11}},"19":{"start":{"line":68,"column":12},"end":{"line":91,"column":13}},"20":{"start":{"line":72,"column":14},"end":{"line":75,"column":16}},"21":{"start":{"line":78,"column":14},"end":{"line":80,"column":15}},"22":{"start":{"line":79,"column":16},"end":{"line":79,"column":46}},"23":{"start":{"line":85,"column":14},"end":{"line":85,"column":64}},"24":{"start":{"line":88,"column":14},"end":{"line":90,"column":15}},"25":{"start":{"line":89,"column":16},"end":{"line":89,"column":47}},"26":{"start":{"line":97,"column":6},"end":{"line":97,"column":72}},"27":{"start":{"line":103,"column":2},"end":{"line":128,"column":7}},"28":{"start":{"line":108,"column":26},"end":{"line":108,"column":62}},"29":{"start":{"line":109,"column":6},"end":{"line":122,"column":7}},"30":{"start":{"line":114,"column":8},"end":{"line":118,"column":11}},"31":{"start":{"line":115,"column":10},"end":{"line":117,"column":13}},"32":{"start":{"line":116,"column":12},"end":{"line":116,"column":37}},"33":{"start":{"line":121,"column":8},"end":{"line":121,"column":39}},"34":{"start":{"line":125,"column":6},"end":{"line":127,"column":8}},"35":{"start":{"line":132,"column":2},"end":{"line":140,"column":3}},"36":{"start":{"line":133,"column":4},"end":{"line":139,"column":9}},"37":{"start":{"line":135,"column":8},"end":{"line":135,"column":34}},"38":{"start":{"line":138,"column":8},"end":{"line":138,"column":37}}},"fnMap":{"0":{"name":"register","decl":{"start":{"line":23,"column":16},"end":{"line":23,"column":24}},"loc":{"start":{"line":23,"column":33},"end":{"line":55,"column":1}},"line":23},"1":{"name":"(anonymous_1)","decl":{"start":{"line":34,"column":36},"end":{"line":34,"column":37}},"loc":{"start":{"line":34,"column":42},"end":{"line":53,"column":5}},"line":34},"2":{"name":"(anonymous_2)","decl":{"start":{"line":43,"column":43},"end":{"line":43,"column":44}},"loc":{"start":{"line":43,"column":49},"end":{"line":48,"column":9}},"line":43},"3":{"name":"registerValidSW","decl":{"start":{"line":57,"column":9},"end":{"line":57,"column":24}},"loc":{"start":{"line":57,"column":40},"end":{"line":99,"column":1}},"line":57},"4":{"name":"(anonymous_4)","decl":{"start":{"line":60,"column":10},"end":{"line":60,"column":11}},"loc":{"start":{"line":60,"column":26},"end":{"line":95,"column":5}},"line":60},"5":{"name":"(anonymous_5)","decl":{"start":{"line":61,"column":35},"end":{"line":61,"column":36}},"loc":{"start":{"line":61,"column":41},"end":{"line":94,"column":7}},"line":61},"6":{"name":"(anonymous_6)","decl":{"start":{"line":66,"column":41},"end":{"line":66,"column":42}},"loc":{"start":{"line":66,"column":47},"end":{"line":93,"column":9}},"line":66},"7":{"name":"(anonymous_7)","decl":{"start":{"line":96,"column":11},"end":{"line":96,"column":12}},"loc":{"start":{"line":96,"column":20},"end":{"line":98,"column":5}},"line":96},"8":{"name":"checkValidServiceWorker","decl":{"start":{"line":101,"column":9},"end":{"line":101,"column":32}},"loc":{"start":{"line":101,"column":48},"end":{"line":129,"column":1}},"line":101},"9":{"name":"(anonymous_9)","decl":{"start":{"line":106,"column":10},"end":{"line":106,"column":11}},"loc":{"start":{"line":106,"column":22},"end":{"line":123,"column":5}},"line":106},"10":{"name":"(anonymous_10)","decl":{"start":{"line":114,"column":43},"end":{"line":114,"column":44}},"loc":{"start":{"line":114,"column":59},"end":{"line":118,"column":9}},"line":114},"11":{"name":"(anonymous_11)","decl":{"start":{"line":115,"column":41},"end":{"line":115,"column":42}},"loc":{"start":{"line":115,"column":47},"end":{"line":117,"column":11}},"line":115},"12":{"name":"(anonymous_12)","decl":{"start":{"line":124,"column":11},"end":{"line":124,"column":12}},"loc":{"start":{"line":124,"column":17},"end":{"line":128,"column":5}},"line":124},"13":{"name":"unregister","decl":{"start":{"line":131,"column":16},"end":{"line":131,"column":26}},"loc":{"start":{"line":131,"column":29},"end":{"line":141,"column":1}},"line":131},"14":{"name":"(anonymous_14)","decl":{"start":{"line":134,"column":12},"end":{"line":134,"column":13}},"loc":{"start":{"line":134,"column":28},"end":{"line":136,"column":7}},"line":134},"15":{"name":"(anonymous_15)","decl":{"start":{"line":137,"column":13},"end":{"line":137,"column":14}},"loc":{"start":{"line":137,"column":22},"end":{"line":139,"column":7}},"line":137}},"branchMap":{"0":{"loc":{"start":{"line":14,"column":2},"end":{"line":20,"column":5}},"type":"binary-expr","locations":[{"start":{"line":14,"column":2},"end":{"line":14,"column":42}},{"start":{"line":16,"column":4},"end":{"line":16,"column":40}},{"start":{"line":18,"column":4},"end":{"line":20,"column":5}}],"line":14},"1":{"loc":{"start":{"line":24,"column":2},"end":{"line":54,"column":3}},"type":"if","locations":[{"start":{"line":24,"column":2},"end":{"line":54,"column":3}},{"start":{"line":24,"column":2},"end":{"line":54,"column":3}}],"line":24},"2":{"loc":{"start":{"line":24,"column":6},"end":{"line":24,"column":75}},"type":"binary-expr","locations":[{"start":{"line":24,"column":6},"end":{"line":24,"column":43}},{"start":{"line":24,"column":47},"end":{"line":24,"column":75}}],"line":24},"3":{"loc":{"start":{"line":27,"column":4},"end":{"line":32,"column":5}},"type":"if","locations":[{"start":{"line":27,"column":4},"end":{"line":32,"column":5}},{"start":{"line":27,"column":4},"end":{"line":32,"column":5}}],"line":27},"4":{"loc":{"start":{"line":37,"column":6},"end":{"line":52,"column":7}},"type":"if","locations":[{"start":{"line":37,"column":6},"end":{"line":52,"column":7}},{"start":{"line":37,"column":6},"end":{"line":52,"column":7}}],"line":37},"5":{"loc":{"start":{"line":63,"column":8},"end":{"line":65,"column":9}},"type":"if","locations":[{"start":{"line":63,"column":8},"end":{"line":65,"column":9}},{"start":{"line":63,"column":8},"end":{"line":65,"column":9}}],"line":63},"6":{"loc":{"start":{"line":67,"column":10},"end":{"line":92,"column":11}},"type":"if","locations":[{"start":{"line":67,"column":10},"end":{"line":92,"column":11}},{"start":{"line":67,"column":10},"end":{"line":92,"column":11}}],"line":67},"7":{"loc":{"start":{"line":68,"column":12},"end":{"line":91,"column":13}},"type":"if","locations":[{"start":{"line":68,"column":12},"end":{"line":91,"column":13}},{"start":{"line":68,"column":12},"end":{"line":91,"column":13}}],"line":68},"8":{"loc":{"start":{"line":78,"column":14},"end":{"line":80,"column":15}},"type":"if","locations":[{"start":{"line":78,"column":14},"end":{"line":80,"column":15}},{"start":{"line":78,"column":14},"end":{"line":80,"column":15}}],"line":78},"9":{"loc":{"start":{"line":78,"column":18},"end":{"line":78,"column":43}},"type":"binary-expr","locations":[{"start":{"line":78,"column":18},"end":{"line":78,"column":24}},{"start":{"line":78,"column":28},"end":{"line":78,"column":43}}],"line":78},"10":{"loc":{"start":{"line":88,"column":14},"end":{"line":90,"column":15}},"type":"if","locations":[{"start":{"line":88,"column":14},"end":{"line":90,"column":15}},{"start":{"line":88,"column":14},"end":{"line":90,"column":15}}],"line":88},"11":{"loc":{"start":{"line":88,"column":18},"end":{"line":88,"column":44}},"type":"binary-expr","locations":[{"start":{"line":88,"column":18},"end":{"line":88,"column":24}},{"start":{"line":88,"column":28},"end":{"line":88,"column":44}}],"line":88},"12":{"loc":{"start":{"line":109,"column":6},"end":{"line":122,"column":7}},"type":"if","locations":[{"start":{"line":109,"column":6},"end":{"line":122,"column":7}},{"start":{"line":109,"column":6},"end":{"line":122,"column":7}}],"line":109},"13":{"loc":{"start":{"line":110,"column":8},"end":{"line":111,"column":73}},"type":"binary-expr","locations":[{"start":{"line":110,"column":8},"end":{"line":110,"column":31}},{"start":{"line":111,"column":9},"end":{"line":111,"column":28}},{"start":{"line":111,"column":32},"end":{"line":111,"column":72}}],"line":110},"14":{"loc":{"start":{"line":132,"column":2},"end":{"line":140,"column":3}},"type":"if","locations":[{"start":{"line":132,"column":2},"end":{"line":140,"column":3}},{"start":{"line":132,"column":2},"end":{"line":140,"column":3}}],"line":132}},"s":{"0":0,"1":0,"2":0,"3":0,"4":0,"5":0,"6":0,"7":0,"8":0,"9":0,"10":0,"11":0,"12":0,"13":0,"14":0,"15":0,"16":0,"17":0,"18":0,"19":0,"20":0,"21":0,"22":0,"23":0,"24":0,"25":0,"26":0,"27":0,"28":0,"29":0,"30":0,"31":0,"32":0,"33":0,"34":0,"35":0,"36":0,"37":0,"38":0},"f":{"0":0,"1":0,"2":0,"3":0,"4":0,"5":0,"6":0,"7":0,"8":0,"9":0,"10":0,"11":0,"12":0,"13":0,"14":0,"15":0},"b":{"0":[0,0,0],"1":[0,0],"2":[0,0],"3":[0,0],"4":[0,0],"5":[0,0],"6":[0,0],"7":[0,0],"8":[0,0],"9":[0,0],"10":[0,0],"11":[0,0],"12":[0,0],"13":[0,0,0],"14":[0,0]},"hash":"295da0721d022450ddc1a870abc80117add13ea5"}
,"C:\\Users\\mayso\\Downloads\\proshop_mern-master\\proshop_mern-master\\frontend\\src\\store.js": {"path":"C:\\Users\\mayso\\Downloads\\proshop_mern-master\\proshop_mern-master\\frontend\\src\\store.js","statementMap":{"0":{"start":{"line":32,"column":16},"end":{"line":54,"column":2}},"1":{"start":{"line":56,"column":29},"end":{"line":58,"column":6}},"2":{"start":{"line":60,"column":28},"end":{"line":62,"column":8}},"3":{"start":{"line":64,"column":35},"end":{"line":66,"column":6}},"4":{"start":{"line":68,"column":21},"end":{"line":74,"column":1}},"5":{"start":{"line":76,"column":19},"end":{"line":76,"column":26}},"6":{"start":{"line":78,"column":14},"end":{"line":82,"column":1}}},"fnMap":{},"branchMap":{"0":{"loc":{"start":{"line":56,"column":29},"end":{"line":58,"column":6}},"type":"cond-expr","locations":[{"start":{"line":57,"column":4},"end":{"line":57,"column":49}},{"start":{"line":58,"column":4},"end":{"line":58,"column":6}}],"line":56},"1":{"loc":{"start":{"line":60,"column":28},"end":{"line":62,"column":8}},"type":"cond-expr","locations":[{"start":{"line":61,"column":4},"end":{"line":61,"column":48}},{"start":{"line":62,"column":4},"end":{"line":62,"column":8}}],"line":60},"2":{"loc":{"start":{"line":64,"column":35},"end":{"line":66,"column":6}},"type":"cond-expr","locations":[{"start":{"line":65,"column":4},"end":{"line":65,"column":55}},{"start":{"line":66,"column":4},"end":{"line":66,"column":6}}],"line":64}},"s":{"0":0,"1":0,"2":0,"3":0,"4":0,"5":0,"6":0},"f":{},"b":{"0":[0,0],"1":[0,0],"2":[0,0]},"hash":"0682052adbc472b7c6a155134684e604e22735fa"}
,"C:\\Users\\mayso\\Downloads\\proshop_mern-master\\proshop_mern-master\\frontend\\src\\actions\\cartActions.js": {"path":"C:\\Users\\mayso\\Downloads\\proshop_mern-master\\proshop_mern-master\\frontend\\src\\actions\\cartActions.js","statementMap":{"0":{"start":{"line":9,"column":25},"end":{"line":25,"column":1}},"1":{"start":{"line":9,"column":38},"end":{"line":25,"column":1}},"2":{"start":{"line":10,"column":19},"end":{"line":10,"column":57}},"3":{"start":{"line":12,"column":2},"end":{"line":22,"column":4}},"4":{"start":{"line":24,"column":2},"end":{"line":24,"column":78}},"5":{"start":{"line":27,"column":30},"end":{"line":34,"column":1}},"6":{"start":{"line":27,"column":38},"end":{"line":34,"column":1}},"7":{"start":{"line":28,"column":2},"end":{"line":31,"column":4}},"8":{"start":{"line":33,"column":2},"end":{"line":33,"column":78}},"9":{"start":{"line":36,"column":35},"end":{"line":43,"column":1}},"10":{"start":{"line":36,"column":45},"end":{"line":43,"column":1}},"11":{"start":{"line":37,"column":2},"end":{"line":40,"column":4}},"12":{"start":{"line":42,"column":2},"end":{"line":42,"column":63}},"13":{"start":{"line":45,"column":33},"end":{"line":52,"column":1}},"14":{"start":{"line":45,"column":43},"end":{"line":52,"column":1}},"15":{"start":{"line":46,"column":2},"end":{"line":49,"column":4}},"16":{"start":{"line":51,"column":2},"end":{"line":51,"column":61}}},"fnMap":{"0":{"name":"(anonymous_0)","decl":{"start":{"line":9,"column":25},"end":{"line":9,"column":26}},"loc":{"start":{"line":9,"column":38},"end":{"line":25,"column":1}},"line":9},"1":{"name":"(anonymous_1)","decl":{"start":{"line":9,"column":38},"end":{"line":9,"column":39}},"loc":{"start":{"line":9,"column":68},"end":{"line":25,"column":1}},"line":9},"2":{"name":"(anonymous_2)","decl":{"start":{"line":27,"column":30},"end":{"line":27,"column":31}},"loc":{"start":{"line":27,"column":38},"end":{"line":34,"column":1}},"line":27},"3":{"name":"(anonymous_3)","decl":{"start":{"line":27,"column":38},"end":{"line":27,"column":39}},"loc":{"start":{"line":27,"column":62},"end":{"line":34,"column":1}},"line":27},"4":{"name":"(anonymous_4)","decl":{"start":{"line":36,"column":35},"end":{"line":36,"column":36}},"loc":{"start":{"line":36,"column":45},"end":{"line":43,"column":1}},"line":36},"5":{"name":"(anonymous_5)","decl":{"start":{"line":36,"column":45},"end":{"line":36,"column":46}},"loc":{"start":{"line":36,"column":59},"end":{"line":43,"column":1}},"line":36},"6":{"name":"(anonymous_6)","decl":{"start":{"line":45,"column":33},"end":{"line":45,"column":34}},"loc":{"start":{"line":45,"column":43},"end":{"line":52,"column":1}},"line":45},"7":{"name":"(anonymous_7)","decl":{"start":{"line":45,"column":43},"end":{"line":45,"column":44}},"loc":{"start":{"line":45,"column":57},"end":{"line":52,"column":1}},"line":45}},"branchMap":{},"s":{"0":0,"1":0,"2":0,"3":0,"4":0,"5":0,"6":0,"7":0,"8":0,"9":0,"10":0,"11":0,"12":0,"13":0,"14":0,"15":0,"16":0},"f":{"0":0,"1":0,"2":0,"3":0,"4":0,"5":0,"6":0,"7":0},"b":{},"hash":"c2d69bfe130f3db1e4be147dd31a5394199e5dcd"}
,"C:\\Users\\mayso\\Downloads\\proshop_mern-master\\proshop_mern-master\\frontend\\src\\actions\\orderActions.js": {"path":"C:\\Users\\mayso\\Downloads\\proshop_mern-master\\proshop_mern-master\\frontend\\src\\actions\\orderActions.js","statementMap":{"0":{"start":{"line":25,"column":27},"end":{"line":66,"column":1}},"1":{"start":{"line":25,"column":38},"end":{"line":66,"column":1}},"2":{"start":{"line":26,"column":2},"end":{"line":65,"column":3}},"3":{"start":{"line":27,"column":4},"end":{"line":29,"column":6}},"4":{"start":{"line":33,"column":8},"end":{"line":33,"column":18}},"5":{"start":{"line":35,"column":19},"end":{"line":40,"column":5}},"6":{"start":{"line":42,"column":21},"end":{"line":42,"column":67}},"7":{"start":{"line":44,"column":4},"end":{"line":47,"column":6}},"8":{"start":{"line":48,"column":4},"end":{"line":51,"column":6}},"9":{"start":{"line":52,"column":4},"end":{"line":52,"column":40}},"10":{"start":{"line":55,"column":6},"end":{"line":57,"column":23}},"11":{"start":{"line":58,"column":4},"end":{"line":60,"column":5}},"12":{"start":{"line":59,"column":6},"end":{"line":59,"column":24}},"13":{"start":{"line":61,"column":4},"end":{"line":64,"column":6}},"14":{"start":{"line":68,"column":31},"end":{"line":103,"column":1}},"15":{"start":{"line":68,"column":39},"end":{"line":103,"column":1}},"16":{"start":{"line":69,"column":2},"end":{"line":102,"column":3}},"17":{"start":{"line":70,"column":4},"end":{"line":72,"column":6}},"18":{"start":{"line":76,"column":8},"end":{"line":76,"column":18}},"19":{"start":{"line":78,"column":19},"end":{"line":82,"column":5}},"20":{"start":{"line":84,"column":21},"end":{"line":84,"column":65}},"21":{"start":{"line":86,"column":4},"end":{"line":89,"column":6}},"22":{"start":{"line":92,"column":6},"end":{"line":94,"column":23}},"23":{"start":{"line":95,"column":4},"end":{"line":97,"column":5}},"24":{"start":{"line":96,"column":6},"end":{"line":96,"column":24}},"25":{"start":{"line":98,"column":4},"end":{"line":101,"column":6}},"26":{"start":{"line":105,"column":24},"end":{"line":148,"column":1}},"27":{"start":{"line":105,"column":52},"end":{"line":148,"column":1}},"28":{"start":{"line":109,"column":2},"end":{"line":147,"column":3}},"29":{"start":{"line":110,"column":4},"end":{"line":112,"column":6}},"30":{"start":{"line":116,"column":8},"end":{"line":116,"column":18}},"31":{"start":{"line":118,"column":19},"end":{"line":123,"column":5}},"32":{"start":{"line":125,"column":21},"end":{"line":129,"column":5}},"33":{"start":{"line":131,"column":4},"end":{"line":134,"column":6}},"34":{"start":{"line":137,"column":6},"end":{"line":139,"column":23}},"35":{"start":{"line":140,"column":4},"end":{"line":142,"column":5}},"36":{"start":{"line":141,"column":6},"end":{"line":141,"column":24}},"37":{"start":{"line":143,"column":4},"end":{"line":146,"column":6}},"38":{"start":{"line":150,"column":28},"end":{"line":189,"column":1}},"39":{"start":{"line":150,"column":39},"end":{"line":189,"column":1}},"40":{"start":{"line":151,"column":2},"end":{"line":188,"column":3}},"41":{"start":{"line":152,"column":4},"end":{"line":154,"column":6}},"42":{"start":{"line":158,"column":8},"end":{"line":158,"column":18}},"43":{"start":{"line":160,"column":19},"end":{"line":164,"column":5}},"44":{"start":{"line":166,"column":21},"end":{"line":170,"column":5}},"45":{"start":{"line":172,"column":4},"end":{"line":175,"column":6}},"46":{"start":{"line":178,"column":6},"end":{"line":180,"column":23}},"47":{"start":{"line":181,"column":4},"end":{"line":183,"column":5}},"48":{"start":{"line":182,"column":6},"end":{"line":182,"column":24}},"49":{"start":{"line":184,"column":4},"end":{"line":187,"column":6}},"50":{"start":{"line":191,"column":28},"end":{"line":226,"column":1}},"51":{"start":{"line":191,"column":34},"end":{"line":226,"column":1}},"52":{"start":{"line":192,"column":2},"end":{"line":225,"column":3}},"53":{"start":{"line":193,"column":4},"end":{"line":195,"column":6}},"54":{"start":{"line":199,"column":8},"end":{"line":199,"column":18}},"55":{"start":{"line":201,"column":19},"end":{"line":205,"column":5}},"56":{"start":{"line":207,"column":21},"end":{"line":207,"column":68}},"57":{"start":{"line":209,"column":4},"end":{"line":212,"column":6}},"58":{"start":{"line":215,"column":6},"end":{"line":217,"column":23}},"59":{"start":{"line":218,"column":4},"end":{"line":220,"column":5}},"60":{"start":{"line":219,"column":6},"end":{"line":219,"column":24}},"61":{"start":{"line":221,"column":4},"end":{"line":224,"column":6}},"62":{"start":{"line":228,"column":26},"end":{"line":263,"column":1}},"63":{"start":{"line":228,"column":32},"end":{"line":263,"column":1}},"64":{"start":{"line":229,"column":2},"end":{"line":262,"column":3}},"65":{"start":{"line":230,"column":4},"end":{"line":232,"column":6}},"66":{"start":{"line":236,"column":8},"end":{"line":236,"column":18}},"67":{"start":{"line":238,"column":19},"end":{"line":242,"column":5}},"68":{"start":{"line":244,"column":21},"end":{"line":244,"column":59}},"69":{"start":{"line":246,"column":4},"end":{"line":249,"column":6}},"70":{"start":{"line":252,"column":6},"end":{"line":254,"column":23}},"71":{"start":{"line":255,"column":4},"end":{"line":257,"column":5}},"72":{"start":{"line":256,"column":6},"end":{"line":256,"column":24}},"73":{"start":{"line":258,"column":4},"end":{"line":261,"column":6}}},"fnMap":{"0":{"name":"(anonymous_0)","decl":{"start":{"line":25,"column":27},"end":{"line":25,"column":28}},"loc":{"start":{"line":25,"column":38},"end":{"line":66,"column":1}},"line":25},"1":{"name":"(anonymous_1)","decl":{"start":{"line":25,"column":38},"end":{"line":25,"column":39}},"loc":{"start":{"line":25,"column":68},"end":{"line":66,"column":1}},"line":25},"2":{"name":"(anonymous_2)","decl":{"start":{"line":68,"column":31},"end":{"line":68,"column":32}},"loc":{"start":{"line":68,"column":39},"end":{"line":103,"column":1}},"line":68},"3":{"name":"(anonymous_3)","decl":{"start":{"line":68,"column":39},"end":{"line":68,"column":40}},"loc":{"start":{"line":68,"column":69},"end":{"line":103,"column":1}},"line":68},"4":{"name":"(anonymous_4)","decl":{"start":{"line":105,"column":24},"end":{"line":105,"column":25}},"loc":{"start":{"line":105,"column":52},"end":{"line":148,"column":1}},"line":105},"5":{"name":"(anonymous_5)","decl":{"start":{"line":105,"column":52},"end":{"line":105,"column":53}},"loc":{"start":{"line":108,"column":5},"end":{"line":148,"column":1}},"line":108},"6":{"name":"(anonymous_6)","decl":{"start":{"line":150,"column":28},"end":{"line":150,"column":29}},"loc":{"start":{"line":150,"column":39},"end":{"line":189,"column":1}},"line":150},"7":{"name":"(anonymous_7)","decl":{"start":{"line":150,"column":39},"end":{"line":150,"column":40}},"loc":{"start":{"line":150,"column":69},"end":{"line":189,"column":1}},"line":150},"8":{"name":"(anonymous_8)","decl":{"start":{"line":191,"column":28},"end":{"line":191,"column":29}},"loc":{"start":{"line":191,"column":34},"end":{"line":226,"column":1}},"line":191},"9":{"name":"(anonymous_9)","decl":{"start":{"line":191,"column":34},"end":{"line":191,"column":35}},"loc":{"start":{"line":191,"column":64},"end":{"line":226,"column":1}},"line":191},"10":{"name":"(anonymous_10)","decl":{"start":{"line":228,"column":26},"end":{"line":228,"column":27}},"loc":{"start":{"line":228,"column":32},"end":{"line":263,"column":1}},"line":228},"11":{"name":"(anonymous_11)","decl":{"start":{"line":228,"column":32},"end":{"line":228,"column":33}},"loc":{"start":{"line":228,"column":62},"end":{"line":263,"column":1}},"line":228}},"branchMap":{"0":{"loc":{"start":{"line":55,"column":6},"end":{"line":57,"column":23}},"type":"cond-expr","locations":[{"start":{"line":56,"column":10},"end":{"line":56,"column":37}},{"start":{"line":57,"column":10},"end":{"line":57,"column":23}}],"line":55},"1":{"loc":{"start":{"line":55,"column":6},"end":{"line":55,"column":51}},"type":"binary-expr","locations":[{"start":{"line":55,"column":6},"end":{"line":55,"column":20}},{"start":{"line":55,"column":24},"end":{"line":55,"column":51}}],"line":55},"2":{"loc":{"start":{"line":58,"column":4},"end":{"line":60,"column":5}},"type":"if","locations":[{"start":{"line":58,"column":4},"end":{"line":60,"column":5}},{"start":{"line":58,"column":4},"end":{"line":60,"column":5}}],"line":58},"3":{"loc":{"start":{"line":92,"column":6},"end":{"line":94,"column":23}},"type":"cond-expr","locations":[{"start":{"line":93,"column":10},"end":{"line":93,"column":37}},{"start":{"line":94,"column":10},"end":{"line":94,"column":23}}],"line":92},"4":{"loc":{"start":{"line":92,"column":6},"end":{"line":92,"column":51}},"type":"binary-expr","locations":[{"start":{"line":92,"column":6},"end":{"line":92,"column":20}},{"start":{"line":92,"column":24},"end":{"line":92,"column":51}}],"line":92},"5":{"loc":{"start":{"line":95,"column":4},"end":{"line":97,"column":5}},"type":"if","locations":[{"start":{"line":95,"column":4},"end":{"line":97,"column":5}},{"start":{"line":95,"column":4},"end":{"line":97,"column":5}}],"line":95},"6":{"loc":{"start":{"line":137,"column":6},"end":{"line":139,"column":23}},"type":"cond-expr","locations":[{"start":{"line":138,"column":10},"end":{"line":138,"column":37}},{"start":{"line":139,"column":10},"end":{"line":139,"column":23}}],"line":137},"7":{"loc":{"start":{"line":137,"column":6},"end":{"line":137,"column":51}},"type":"binary-expr","locations":[{"start":{"line":137,"column":6},"end":{"line":137,"column":20}},{"start":{"line":137,"column":24},"end":{"line":137,"column":51}}],"line":137},"8":{"loc":{"start":{"line":140,"column":4},"end":{"line":142,"column":5}},"type":"if","locations":[{"start":{"line":140,"column":4},"end":{"line":142,"column":5}},{"start":{"line":140,"column":4},"end":{"line":142,"column":5}}],"line":140},"9":{"loc":{"start":{"line":178,"column":6},"end":{"line":180,"column":23}},"type":"cond-expr","locations":[{"start":{"line":179,"column":10},"end":{"line":179,"column":37}},{"start":{"line":180,"column":10},"end":{"line":180,"column":23}}],"line":178},"10":{"loc":{"start":{"line":178,"column":6},"end":{"line":178,"column":51}},"type":"binary-expr","locations":[{"start":{"line":178,"column":6},"end":{"line":178,"column":20}},{"start":{"line":178,"column":24},"end":{"line":178,"column":51}}],"line":178},"11":{"loc":{"start":{"line":181,"column":4},"end":{"line":183,"column":5}},"type":"if","locations":[{"start":{"line":181,"column":4},"end":{"line":183,"column":5}},{"start":{"line":181,"column":4},"end":{"line":183,"column":5}}],"line":181},"12":{"loc":{"start":{"line":215,"column":6},"end":{"line":217,"column":23}},"type":"cond-expr","locations":[{"start":{"line":216,"column":10},"end":{"line":216,"column":37}},{"start":{"line":217,"column":10},"end":{"line":217,"column":23}}],"line":215},"13":{"loc":{"start":{"line":215,"column":6},"end":{"line":215,"column":51}},"type":"binary-expr","locations":[{"start":{"line":215,"column":6},"end":{"line":215,"column":20}},{"start":{"line":215,"column":24},"end":{"line":215,"column":51}}],"line":215},"14":{"loc":{"start":{"line":218,"column":4},"end":{"line":220,"column":5}},"type":"if","locations":[{"start":{"line":218,"column":4},"end":{"line":220,"column":5}},{"start":{"line":218,"column":4},"end":{"line":220,"column":5}}],"line":218},"15":{"loc":{"start":{"line":252,"column":6},"end":{"line":254,"column":23}},"type":"cond-expr","locations":[{"start":{"line":253,"column":10},"end":{"line":253,"column":37}},{"start":{"line":254,"column":10},"end":{"line":254,"column":23}}],"line":252},"16":{"loc":{"start":{"line":252,"column":6},"end":{"line":252,"column":51}},"type":"binary-expr","locations":[{"start":{"line":252,"column":6},"end":{"line":252,"column":20}},{"start":{"line":252,"column":24},"end":{"line":252,"column":51}}],"line":252},"17":{"loc":{"start":{"line":255,"column":4},"end":{"line":257,"column":5}},"type":"if","locations":[{"start":{"line":255,"column":4},"end":{"line":257,"column":5}},{"start":{"line":255,"column":4},"end":{"line":257,"column":5}}],"line":255}},"s":{"0":0,"1":0,"2":0,"3":0,"4":0,"5":0,"6":0,"7":0,"8":0,"9":0,"10":0,"11":0,"12":0,"13":0,"14":0,"15":0,"16":0,"17":0,"18":0,"19":0,"20":0,"21":0,"22":0,"23":0,"24":0,"25":0,"26":0,"27":0,"28":0,"29":0,"30":0,"31":0,"32":0,"33":0,"34":0,"35":0,"36":0,"37":0,"38":0,"39":0,"40":0,"41":0,"42":0,"43":0,"44":0,"45":0,"46":0,"47":0,"48":0,"49":0,"50":0,"51":0,"52":0,"53":0,"54":0,"55":0,"56":0,"57":0,"58":0,"59":0,"60":0,"61":0,"62":0,"63":0,"64":0,"65":0,"66":0,"67":0,"68":0,"69":0,"70":0,"71":0,"72":0,"73":0},"f":{"0":0,"1":0,"2":0,"3":0,"4":0,"5":0,"6":0,"7":0,"8":0,"9":0,"10":0,"11":0},"b":{"0":[0,0],"1":[0,0],"2":[0,0],"3":[0,0],"4":[0,0],"5":[0,0],"6":[0,0],"7":[0,0],"8":[0,0],"9":[0,0],"10":[0,0],"11":[0,0],"12":[0,0],"13":[0,0],"14":[0,0],"15":[0,0],"16":[0,0],"17":[0,0]},"hash":"c0a1ee4a563c387561722d0795981c7b088d2353"}
,"C:\\Users\\mayso\\Downloads\\proshop_mern-master\\proshop_mern-master\\frontend\\src\\actions\\productActions.js": {"path":"C:\\Users\\mayso\\Downloads\\proshop_mern-master\\proshop_mern-master\\frontend\\src\\actions\\productActions.js","statementMap":{"0":{"start":{"line":27,"column":28},"end":{"line":50,"column":1}},"1":{"start":{"line":27,"column":63},"end":{"line":50,"column":1}},"2":{"start":{"line":30,"column":2},"end":{"line":49,"column":3}},"3":{"start":{"line":31,"column":4},"end":{"line":31,"column":44}},"4":{"start":{"line":33,"column":21},"end":{"line":35,"column":5}},"5":{"start":{"line":37,"column":4},"end":{"line":40,"column":6}},"6":{"start":{"line":42,"column":4},"end":{"line":48,"column":6}},"7":{"start":{"line":52,"column":34},"end":{"line":71,"column":1}},"8":{"start":{"line":52,"column":42},"end":{"line":71,"column":1}},"9":{"start":{"line":53,"column":2},"end":{"line":70,"column":3}},"10":{"start":{"line":54,"column":4},"end":{"line":54,"column":47}},"11":{"start":{"line":56,"column":21},"end":{"line":56,"column":59}},"12":{"start":{"line":58,"column":4},"end":{"line":61,"column":6}},"13":{"start":{"line":63,"column":4},"end":{"line":69,"column":6}},"14":{"start":{"line":73,"column":29},"end":{"line":107,"column":1}},"15":{"start":{"line":73,"column":37},"end":{"line":107,"column":1}},"16":{"start":{"line":74,"column":2},"end":{"line":106,"column":3}},"17":{"start":{"line":75,"column":4},"end":{"line":77,"column":6}},"18":{"start":{"line":81,"column":8},"end":{"line":81,"column":18}},"19":{"start":{"line":83,"column":19},"end":{"line":87,"column":5}},"20":{"start":{"line":89,"column":4},"end":{"line":89,"column":53}},"21":{"start":{"line":91,"column":4},"end":{"line":93,"column":6}},"22":{"start":{"line":96,"column":6},"end":{"line":98,"column":23}},"23":{"start":{"line":99,"column":4},"end":{"line":101,"column":5}},"24":{"start":{"line":100,"column":6},"end":{"line":100,"column":24}},"25":{"start":{"line":102,"column":4},"end":{"line":105,"column":6}},"26":{"start":{"line":109,"column":29},"end":{"line":144,"column":1}},"27":{"start":{"line":109,"column":35},"end":{"line":144,"column":1}},"28":{"start":{"line":110,"column":2},"end":{"line":143,"column":3}},"29":{"start":{"line":111,"column":4},"end":{"line":113,"column":6}},"30":{"start":{"line":117,"column":8},"end":{"line":117,"column":18}},"31":{"start":{"line":119,"column":19},"end":{"line":123,"column":5}},"32":{"start":{"line":125,"column":21},"end":{"line":125,"column":66}},"33":{"start":{"line":127,"column":4},"end":{"line":130,"column":6}},"34":{"start":{"line":133,"column":6},"end":{"line":135,"column":23}},"35":{"start":{"line":136,"column":4},"end":{"line":138,"column":5}},"36":{"start":{"line":137,"column":6},"end":{"line":137,"column":24}},"37":{"start":{"line":139,"column":4},"end":{"line":142,"column":6}},"38":{"start":{"line":146,"column":29},"end":{"line":187,"column":1}},"39":{"start":{"line":146,"column":42},"end":{"line":187,"column":1}},"40":{"start":{"line":147,"column":2},"end":{"line":186,"column":3}},"41":{"start":{"line":148,"column":4},"end":{"line":150,"column":6}},"42":{"start":{"line":154,"column":8},"end":{"line":154,"column":18}},"43":{"start":{"line":156,"column":19},"end":{"line":161,"column":5}},"44":{"start":{"line":163,"column":21},"end":{"line":167,"column":5}},"45":{"start":{"line":169,"column":4},"end":{"line":172,"column":6}},"46":{"start":{"line":173,"column":4},"end":{"line":173,"column":62}},"47":{"start":{"line":176,"column":6},"end":{"line":178,"column":23}},"48":{"start":{"line":179,"column":4},"end":{"line":181,"column":5}},"49":{"start":{"line":180,"column":6},"end":{"line":180,"column":24}},"50":{"start":{"line":182,"column":4},"end":{"line":185,"column":6}},"51":{"start":{"line":189,"column":35},"end":{"line":227,"column":1}},"52":{"start":{"line":189,"column":58},"end":{"line":227,"column":1}},"53":{"start":{"line":193,"column":2},"end":{"line":226,"column":3}},"54":{"start":{"line":194,"column":4},"end":{"line":196,"column":6}},"55":{"start":{"line":200,"column":8},"end":{"line":200,"column":18}},"56":{"start":{"line":202,"column":19},"end":{"line":207,"column":5}},"57":{"start":{"line":209,"column":4},"end":{"line":209,"column":74}},"58":{"start":{"line":211,"column":4},"end":{"line":213,"column":6}},"59":{"start":{"line":216,"column":6},"end":{"line":218,"column":23}},"60":{"start":{"line":219,"column":4},"end":{"line":221,"column":5}},"61":{"start":{"line":220,"column":6},"end":{"line":220,"column":24}},"62":{"start":{"line":222,"column":4},"end":{"line":225,"column":6}},"63":{"start":{"line":229,"column":31},"end":{"line":248,"column":1}},"64":{"start":{"line":229,"column":37},"end":{"line":248,"column":1}},"65":{"start":{"line":230,"column":2},"end":{"line":247,"column":3}},"66":{"start":{"line":231,"column":4},"end":{"line":231,"column":43}},"67":{"start":{"line":233,"column":21},"end":{"line":233,"column":57}},"68":{"start":{"line":235,"column":4},"end":{"line":238,"column":6}},"69":{"start":{"line":240,"column":4},"end":{"line":246,"column":6}}},"fnMap":{"0":{"name":"(anonymous_0)","decl":{"start":{"line":27,"column":28},"end":{"line":27,"column":29}},"loc":{"start":{"line":27,"column":63},"end":{"line":50,"column":1}},"line":27},"1":{"name":"(anonymous_1)","decl":{"start":{"line":27,"column":63},"end":{"line":27,"column":64}},"loc":{"start":{"line":29,"column":5},"end":{"line":50,"column":1}},"line":29},"2":{"name":"(anonymous_2)","decl":{"start":{"line":52,"column":34},"end":{"line":52,"column":35}},"loc":{"start":{"line":52,"column":42},"end":{"line":71,"column":1}},"line":52},"3":{"name":"(anonymous_3)","decl":{"start":{"line":52,"column":42},"end":{"line":52,"column":43}},"loc":{"start":{"line":52,"column":62},"end":{"line":71,"column":1}},"line":52},"4":{"name":"(anonymous_4)","decl":{"start":{"line":73,"column":29},"end":{"line":73,"column":30}},"loc":{"start":{"line":73,"column":37},"end":{"line":107,"column":1}},"line":73},"5":{"name":"(anonymous_5)","decl":{"start":{"line":73,"column":37},"end":{"line":73,"column":38}},"loc":{"start":{"line":73,"column":67},"end":{"line":107,"column":1}},"line":73},"6":{"name":"(anonymous_6)","decl":{"start":{"line":109,"column":29},"end":{"line":109,"column":30}},"loc":{"start":{"line":109,"column":35},"end":{"line":144,"column":1}},"line":109},"7":{"name":"(anonymous_7)","decl":{"start":{"line":109,"column":35},"end":{"line":109,"column":36}},"loc":{"start":{"line":109,"column":65},"end":{"line":144,"column":1}},"line":109},"8":{"name":"(anonymous_8)","decl":{"start":{"line":146,"column":29},"end":{"line":146,"column":30}},"loc":{"start":{"line":146,"column":42},"end":{"line":187,"column":1}},"line":146},"9":{"name":"(anonymous_9)","decl":{"start":{"line":146,"column":42},"end":{"line":146,"column":43}},"loc":{"start":{"line":146,"column":72},"end":{"line":187,"column":1}},"line":146},"10":{"name":"(anonymous_10)","decl":{"start":{"line":189,"column":35},"end":{"line":189,"column":36}},"loc":{"start":{"line":189,"column":58},"end":{"line":227,"column":1}},"line":189},"11":{"name":"(anonymous_11)","decl":{"start":{"line":189,"column":58},"end":{"line":189,"column":59}},"loc":{"start":{"line":192,"column":5},"end":{"line":227,"column":1}},"line":192},"12":{"name":"(anonymous_12)","decl":{"start":{"line":229,"column":31},"end":{"line":229,"column":32}},"loc":{"start":{"line":229,"column":37},"end":{"line":248,"column":1}},"line":229},"13":{"name":"(anonymous_13)","decl":{"start":{"line":229,"column":37},"end":{"line":229,"column":38}},"loc":{"start":{"line":229,"column":57},"end":{"line":248,"column":1}},"line":229}},"branchMap":{"0":{"loc":{"start":{"line":27,"column":29},"end":{"line":27,"column":41}},"type":"default-arg","locations":[{"start":{"line":27,"column":39},"end":{"line":27,"column":41}}],"line":27},"1":{"loc":{"start":{"line":27,"column":43},"end":{"line":27,"column":58}},"type":"default-arg","locations":[{"start":{"line":27,"column":56},"end":{"line":27,"column":58}}],"line":27},"2":{"loc":{"start":{"line":45,"column":8},"end":{"line":47,"column":25}},"type":"cond-expr","locations":[{"start":{"line":46,"column":12},"end":{"line":46,"column":39}},{"start":{"line":47,"column":12},"end":{"line":47,"column":25}}],"line":45},"3":{"loc":{"start":{"line":45,"column":8},"end":{"line":45,"column":53}},"type":"binary-expr","locations":[{"start":{"line":45,"column":8},"end":{"line":45,"column":22}},{"start":{"line":45,"column":26},"end":{"line":45,"column":53}}],"line":45},"4":{"loc":{"start":{"line":66,"column":8},"end":{"line":68,"column":25}},"type":"cond-expr","locations":[{"start":{"line":67,"column":12},"end":{"line":67,"column":39}},{"start":{"line":68,"column":12},"end":{"line":68,"column":25}}],"line":66},"5":{"loc":{"start":{"line":66,"column":8},"end":{"line":66,"column":53}},"type":"binary-expr","locations":[{"start":{"line":66,"column":8},"end":{"line":66,"column":22}},{"start":{"line":66,"column":26},"end":{"line":66,"column":53}}],"line":66},"6":{"loc":{"start":{"line":96,"column":6},"end":{"line":98,"column":23}},"type":"cond-expr","locations":[{"start":{"line":97,"column":10},"end":{"line":97,"column":37}},{"start":{"line":98,"column":10},"end":{"line":98,"column":23}}],"line":96},"7":{"loc":{"start":{"line":96,"column":6},"end":{"line":96,"column":51}},"type":"binary-expr","locations":[{"start":{"line":96,"column":6},"end":{"line":96,"column":20}},{"start":{"line":96,"column":24},"end":{"line":96,"column":51}}],"line":96},"8":{"loc":{"start":{"line":99,"column":4},"end":{"line":101,"column":5}},"type":"if","locations":[{"start":{"line":99,"column":4},"end":{"line":101,"column":5}},{"start":{"line":99,"column":4},"end":{"line":101,"column":5}}],"line":99},"9":{"loc":{"start":{"line":133,"column":6},"end":{"line":135,"column":23}},"type":"cond-expr","locations":[{"start":{"line":134,"column":10},"end":{"line":134,"column":37}},{"start":{"line":135,"column":10},"end":{"line":135,"column":23}}],"line":133},"10":{"loc":{"start":{"line":133,"column":6},"end":{"line":133,"column":51}},"type":"binary-expr","locations":[{"start":{"line":133,"column":6},"end":{"line":133,"column":20}},{"start":{"line":133,"column":24},"end":{"line":133,"column":51}}],"line":133},"11":{"loc":{"start":{"line":136,"column":4},"end":{"line":138,"column":5}},"type":"if","locations":[{"start":{"line":136,"column":4},"end":{"line":138,"column":5}},{"start":{"line":136,"column":4},"end":{"line":138,"column":5}}],"line":136},"12":{"loc":{"start":{"line":176,"column":6},"end":{"line":178,"column":23}},"type":"cond-expr","locations":[{"start":{"line":177,"column":10},"end":{"line":177,"column":37}},{"start":{"line":178,"column":10},"end":{"line":178,"column":23}}],"line":176},"13":{"loc":{"start":{"line":176,"column":6},"end":{"line":176,"column":51}},"type":"binary-expr","locations":[{"start":{"line":176,"column":6},"end":{"line":176,"column":20}},{"start":{"line":176,"column":24},"end":{"line":176,"column":51}}],"line":176},"14":{"loc":{"start":{"line":179,"column":4},"end":{"line":181,"column":5}},"type":"if","locations":[{"start":{"line":179,"column":4},"end":{"line":181,"column":5}},{"start":{"line":179,"column":4},"end":{"line":181,"column":5}}],"line":179},"15":{"loc":{"start":{"line":216,"column":6},"end":{"line":218,"column":23}},"type":"cond-expr","locations":[{"start":{"line":217,"column":10},"end":{"line":217,"column":37}},{"start":{"line":218,"column":10},"end":{"line":218,"column":23}}],"line":216},"16":{"loc":{"start":{"line":216,"column":6},"end":{"line":216,"column":51}},"type":"binary-expr","locations":[{"start":{"line":216,"column":6},"end":{"line":216,"column":20}},{"start":{"line":216,"column":24},"end":{"line":216,"column":51}}],"line":216},"17":{"loc":{"start":{"line":219,"column":4},"end":{"line":221,"column":5}},"type":"if","locations":[{"start":{"line":219,"column":4},"end":{"line":221,"column":5}},{"start":{"line":219,"column":4},"end":{"line":221,"column":5}}],"line":219},"18":{"loc":{"start":{"line":243,"column":8},"end":{"line":245,"column":25}},"type":"cond-expr","locations":[{"start":{"line":244,"column":12},"end":{"line":244,"column":39}},{"start":{"line":245,"column":12},"end":{"line":245,"column":25}}],"line":243},"19":{"loc":{"start":{"line":243,"column":8},"end":{"line":243,"column":53}},"type":"binary-expr","locations":[{"start":{"line":243,"column":8},"end":{"line":243,"column":22}},{"start":{"line":243,"column":26},"end":{"line":243,"column":53}}],"line":243}},"s":{"0":0,"1":0,"2":0,"3":0,"4":0,"5":0,"6":0,"7":0,"8":0,"9":0,"10":0,"11":0,"12":0,"13":0,"14":0,"15":0,"16":0,"17":0,"18":0,"19":0,"20":0,"21":0,"22":0,"23":0,"24":0,"25":0,"26":0,"27":0,"28":0,"29":0,"30":0,"31":0,"32":0,"33":0,"34":0,"35":0,"36":0,"37":0,"38":0,"39":0,"40":0,"41":0,"42":0,"43":0,"44":0,"45":0,"46":0,"47":0,"48":0,"49":0,"50":0,"51":0,"52":0,"53":0,"54":0,"55":0,"56":0,"57":0,"58":0,"59":0,"60":0,"61":0,"62":0,"63":0,"64":0,"65":0,"66":0,"67":0,"68":0,"69":0},"f":{"0":0,"1":0,"2":0,"3":0,"4":0,"5":0,"6":0,"7":0,"8":0,"9":0,"10":0,"11":0,"12":0,"13":0},"b":{"0":[0],"1":[0],"2":[0,0],"3":[0,0],"4":[0,0],"5":[0,0],"6":[0,0],"7":[0,0],"8":[0,0],"9":[0,0],"10":[0,0],"11":[0,0],"12":[0,0],"13":[0,0],"14":[0,0],"15":[0,0],"16":[0,0],"17":[0,0],"18":[0,0],"19":[0,0]},"hash":"bba8e6ce88409199fb66c2270b7de53575d9d8aa"}
,"C:\\Users\\mayso\\Downloads\\proshop_mern-master\\proshop_mern-master\\frontend\\src\\actions\\userActions.js": {"path":"C:\\Users\\mayso\\Downloads\\proshop_mern-master\\proshop_mern-master\\frontend\\src\\actions\\userActions.js","statementMap":{"0":{"start":{"line":30,"column":21},"end":{"line":63,"column":1}},"1":{"start":{"line":30,"column":42},"end":{"line":63,"column":1}},"2":{"start":{"line":31,"column":2},"end":{"line":62,"column":3}},"3":{"start":{"line":32,"column":4},"end":{"line":34,"column":6}},"4":{"start":{"line":36,"column":19},"end":{"line":40,"column":5}},"5":{"start":{"line":42,"column":21},"end":{"line":46,"column":5}},"6":{"start":{"line":48,"column":4},"end":{"line":51,"column":6}},"7":{"start":{"line":53,"column":4},"end":{"line":53,"column":58}},"8":{"start":{"line":55,"column":4},"end":{"line":61,"column":6}},"9":{"start":{"line":65,"column":22},"end":{"line":75,"column":1}},"10":{"start":{"line":65,"column":28},"end":{"line":75,"column":1}},"11":{"start":{"line":66,"column":2},"end":{"line":66,"column":37}},"12":{"start":{"line":67,"column":2},"end":{"line":67,"column":38}},"13":{"start":{"line":68,"column":2},"end":{"line":68,"column":44}},"14":{"start":{"line":69,"column":2},"end":{"line":69,"column":42}},"15":{"start":{"line":70,"column":2},"end":{"line":70,"column":33}},"16":{"start":{"line":71,"column":2},"end":{"line":71,"column":40}},"17":{"start":{"line":72,"column":2},"end":{"line":72,"column":41}},"18":{"start":{"line":73,"column":2},"end":{"line":73,"column":37}},"19":{"start":{"line":74,"column":2},"end":{"line":74,"column":35}},"20":{"start":{"line":77,"column":24},"end":{"line":115,"column":1}},"21":{"start":{"line":77,"column":51},"end":{"line":115,"column":1}},"22":{"start":{"line":78,"column":2},"end":{"line":114,"column":3}},"23":{"start":{"line":79,"column":4},"end":{"line":81,"column":6}},"24":{"start":{"line":83,"column":19},"end":{"line":87,"column":5}},"25":{"start":{"line":89,"column":21},"end":{"line":93,"column":5}},"26":{"start":{"line":95,"column":4},"end":{"line":98,"column":6}},"27":{"start":{"line":100,"column":4},"end":{"line":103,"column":6}},"28":{"start":{"line":105,"column":4},"end":{"line":105,"column":58}},"29":{"start":{"line":107,"column":4},"end":{"line":113,"column":6}},"30":{"start":{"line":117,"column":30},"end":{"line":152,"column":1}},"31":{"start":{"line":117,"column":38},"end":{"line":152,"column":1}},"32":{"start":{"line":118,"column":2},"end":{"line":151,"column":3}},"33":{"start":{"line":119,"column":4},"end":{"line":121,"column":6}},"34":{"start":{"line":125,"column":8},"end":{"line":125,"column":18}},"35":{"start":{"line":127,"column":19},"end":{"line":131,"column":5}},"36":{"start":{"line":133,"column":21},"end":{"line":133,"column":64}},"37":{"start":{"line":135,"column":4},"end":{"line":138,"column":6}},"38":{"start":{"line":141,"column":6},"end":{"line":143,"column":23}},"39":{"start":{"line":144,"column":4},"end":{"line":146,"column":5}},"40":{"start":{"line":145,"column":6},"end":{"line":145,"column":24}},"41":{"start":{"line":147,"column":4},"end":{"line":150,"column":6}},"42":{"start":{"line":154,"column":33},"end":{"line":195,"column":1}},"43":{"start":{"line":154,"column":43},"end":{"line":195,"column":1}},"44":{"start":{"line":155,"column":2},"end":{"line":194,"column":3}},"45":{"start":{"line":156,"column":4},"end":{"line":158,"column":6}},"46":{"start":{"line":162,"column":8},"end":{"line":162,"column":18}},"47":{"start":{"line":164,"column":19},"end":{"line":169,"column":5}},"48":{"start":{"line":171,"column":21},"end":{"line":171,"column":72}},"49":{"start":{"line":173,"column":4},"end":{"line":176,"column":6}},"50":{"start":{"line":177,"column":4},"end":{"line":180,"column":6}},"51":{"start":{"line":181,"column":4},"end":{"line":181,"column":58}},"52":{"start":{"line":184,"column":6},"end":{"line":186,"column":23}},"53":{"start":{"line":187,"column":4},"end":{"line":189,"column":5}},"54":{"start":{"line":188,"column":6},"end":{"line":188,"column":24}},"55":{"start":{"line":190,"column":4},"end":{"line":193,"column":6}},"56":{"start":{"line":197,"column":25},"end":{"line":232,"column":1}},"57":{"start":{"line":197,"column":31},"end":{"line":232,"column":1}},"58":{"start":{"line":198,"column":2},"end":{"line":231,"column":3}},"59":{"start":{"line":199,"column":4},"end":{"line":201,"column":6}},"60":{"start":{"line":205,"column":8},"end":{"line":205,"column":18}},"61":{"start":{"line":207,"column":19},"end":{"line":211,"column":5}},"62":{"start":{"line":213,"column":21},"end":{"line":213,"column":58}},"63":{"start":{"line":215,"column":4},"end":{"line":218,"column":6}},"64":{"start":{"line":221,"column":6},"end":{"line":223,"column":23}},"65":{"start":{"line":224,"column":4},"end":{"line":226,"column":5}},"66":{"start":{"line":225,"column":6},"end":{"line":225,"column":24}},"67":{"start":{"line":227,"column":4},"end":{"line":230,"column":6}},"68":{"start":{"line":234,"column":26},"end":{"line":266,"column":1}},"69":{"start":{"line":234,"column":34},"end":{"line":266,"column":1}},"70":{"start":{"line":235,"column":2},"end":{"line":265,"column":3}},"71":{"start":{"line":236,"column":4},"end":{"line":238,"column":6}},"72":{"start":{"line":242,"column":8},"end":{"line":242,"column":18}},"73":{"start":{"line":244,"column":19},"end":{"line":248,"column":5}},"74":{"start":{"line":250,"column":4},"end":{"line":250,"column":50}},"75":{"start":{"line":252,"column":4},"end":{"line":252,"column":43}},"76":{"start":{"line":255,"column":6},"end":{"line":257,"column":23}},"77":{"start":{"line":258,"column":4},"end":{"line":260,"column":5}},"78":{"start":{"line":259,"column":6},"end":{"line":259,"column":24}},"79":{"start":{"line":261,"column":4},"end":{"line":264,"column":6}},"80":{"start":{"line":268,"column":26},"end":{"line":305,"column":1}},"81":{"start":{"line":268,"column":36},"end":{"line":305,"column":1}},"82":{"start":{"line":269,"column":2},"end":{"line":304,"column":3}},"83":{"start":{"line":270,"column":4},"end":{"line":272,"column":6}},"84":{"start":{"line":276,"column":8},"end":{"line":276,"column":18}},"85":{"start":{"line":278,"column":19},"end":{"line":283,"column":5}},"86":{"start":{"line":285,"column":21},"end":{"line":285,"column":76}},"87":{"start":{"line":287,"column":4},"end":{"line":287,"column":43}},"88":{"start":{"line":289,"column":4},"end":{"line":289,"column":59}},"89":{"start":{"line":291,"column":4},"end":{"line":291,"column":42}},"90":{"start":{"line":294,"column":6},"end":{"line":296,"column":23}},"91":{"start":{"line":297,"column":4},"end":{"line":299,"column":5}},"92":{"start":{"line":298,"column":6},"end":{"line":298,"column":24}},"93":{"start":{"line":300,"column":4},"end":{"line":303,"column":6}}},"fnMap":{"0":{"name":"(anonymous_0)","decl":{"start":{"line":30,"column":21},"end":{"line":30,"column":22}},"loc":{"start":{"line":30,"column":42},"end":{"line":63,"column":1}},"line":30},"1":{"name":"(anonymous_1)","decl":{"start":{"line":30,"column":42},"end":{"line":30,"column":43}},"loc":{"start":{"line":30,"column":62},"end":{"line":63,"column":1}},"line":30},"2":{"name":"(anonymous_2)","decl":{"start":{"line":65,"column":22},"end":{"line":65,"column":23}},"loc":{"start":{"line":65,"column":28},"end":{"line":75,"column":1}},"line":65},"3":{"name":"(anonymous_3)","decl":{"start":{"line":65,"column":28},"end":{"line":65,"column":29}},"loc":{"start":{"line":65,"column":42},"end":{"line":75,"column":1}},"line":65},"4":{"name":"(anonymous_4)","decl":{"start":{"line":77,"column":24},"end":{"line":77,"column":25}},"loc":{"start":{"line":77,"column":51},"end":{"line":115,"column":1}},"line":77},"5":{"name":"(anonymous_5)","decl":{"start":{"line":77,"column":51},"end":{"line":77,"column":52}},"loc":{"start":{"line":77,"column":71},"end":{"line":115,"column":1}},"line":77},"6":{"name":"(anonymous_6)","decl":{"start":{"line":117,"column":30},"end":{"line":117,"column":31}},"loc":{"start":{"line":117,"column":38},"end":{"line":152,"column":1}},"line":117},"7":{"name":"(anonymous_7)","decl":{"start":{"line":117,"column":38},"end":{"line":117,"column":39}},"loc":{"start":{"line":117,"column":68},"end":{"line":152,"column":1}},"line":117},"8":{"name":"(anonymous_8)","decl":{"start":{"line":154,"column":33},"end":{"line":154,"column":34}},"loc":{"start":{"line":154,"column":43},"end":{"line":195,"column":1}},"line":154},"9":{"name":"(anonymous_9)","decl":{"start":{"line":154,"column":43},"end":{"line":154,"column":44}},"loc":{"start":{"line":154,"column":73},"end":{"line":195,"column":1}},"line":154},"10":{"name":"(anonymous_10)","decl":{"start":{"line":197,"column":25},"end":{"line":197,"column":26}},"loc":{"start":{"line":197,"column":31},"end":{"line":232,"column":1}},"line":197},"11":{"name":"(anonymous_11)","decl":{"start":{"line":197,"column":31},"end":{"line":197,"column":32}},"loc":{"start":{"line":197,"column":61},"end":{"line":232,"column":1}},"line":197},"12":{"name":"(anonymous_12)","decl":{"start":{"line":234,"column":26},"end":{"line":234,"column":27}},"loc":{"start":{"line":234,"column":34},"end":{"line":266,"column":1}},"line":234},"13":{"name":"(anonymous_13)","decl":{"start":{"line":234,"column":34},"end":{"line":234,"column":35}},"loc":{"start":{"line":234,"column":64},"end":{"line":266,"column":1}},"line":234},"14":{"name":"(anonymous_14)","decl":{"start":{"line":268,"column":26},"end":{"line":268,"column":27}},"loc":{"start":{"line":268,"column":36},"end":{"line":305,"column":1}},"line":268},"15":{"name":"(anonymous_15)","decl":{"start":{"line":268,"column":36},"end":{"line":268,"column":37}},"loc":{"start":{"line":268,"column":66},"end":{"line":305,"column":1}},"line":268}},"branchMap":{"0":{"loc":{"start":{"line":58,"column":8},"end":{"line":60,"column":25}},"type":"cond-expr","locations":[{"start":{"line":59,"column":12},"end":{"line":59,"column":39}},{"start":{"line":60,"column":12},"end":{"line":60,"column":25}}],"line":58},"1":{"loc":{"start":{"line":58,"column":8},"end":{"line":58,"column":53}},"type":"binary-expr","locations":[{"start":{"line":58,"column":8},"end":{"line":58,"column":22}},{"start":{"line":58,"column":26},"end":{"line":58,"column":53}}],"line":58},"2":{"loc":{"start":{"line":110,"column":8},"end":{"line":112,"column":25}},"type":"cond-expr","locations":[{"start":{"line":111,"column":12},"end":{"line":111,"column":39}},{"start":{"line":112,"column":12},"end":{"line":112,"column":25}}],"line":110},"3":{"loc":{"start":{"line":110,"column":8},"end":{"line":110,"column":53}},"type":"binary-expr","locations":[{"start":{"line":110,"column":8},"end":{"line":110,"column":22}},{"start":{"line":110,"column":26},"end":{"line":110,"column":53}}],"line":110},"4":{"loc":{"start":{"line":141,"column":6},"end":{"line":143,"column":23}},"type":"cond-expr","locations":[{"start":{"line":142,"column":10},"end":{"line":142,"column":37}},{"start":{"line":143,"column":10},"end":{"line":143,"column":23}}],"line":141},"5":{"loc":{"start":{"line":141,"column":6},"end":{"line":141,"column":51}},"type":"binary-expr","locations":[{"start":{"line":141,"column":6},"end":{"line":141,"column":20}},{"start":{"line":141,"column":24},"end":{"line":141,"column":51}}],"line":141},"6":{"loc":{"start":{"line":144,"column":4},"end":{"line":146,"column":5}},"type":"if","locations":[{"start":{"line":144,"column":4},"end":{"line":146,"column":5}},{"start":{"line":144,"column":4},"end":{"line":146,"column":5}}],"line":144},"7":{"loc":{"start":{"line":184,"column":6},"end":{"line":186,"column":23}},"type":"cond-expr","locations":[{"start":{"line":185,"column":10},"end":{"line":185,"column":37}},{"start":{"line":186,"column":10},"end":{"line":186,"column":23}}],"line":184},"8":{"loc":{"start":{"line":184,"column":6},"end":{"line":184,"column":51}},"type":"binary-expr","locations":[{"start":{"line":184,"column":6},"end":{"line":184,"column":20}},{"start":{"line":184,"column":24},"end":{"line":184,"column":51}}],"line":184},"9":{"loc":{"start":{"line":187,"column":4},"end":{"line":189,"column":5}},"type":"if","locations":[{"start":{"line":187,"column":4},"end":{"line":189,"column":5}},{"start":{"line":187,"column":4},"end":{"line":189,"column":5}}],"line":187},"10":{"loc":{"start":{"line":221,"column":6},"end":{"line":223,"column":23}},"type":"cond-expr","locations":[{"start":{"line":222,"column":10},"end":{"line":222,"column":37}},{"start":{"line":223,"column":10},"end":{"line":223,"column":23}}],"line":221},"11":{"loc":{"start":{"line":221,"column":6},"end":{"line":221,"column":51}},"type":"binary-expr","locations":[{"start":{"line":221,"column":6},"end":{"line":221,"column":20}},{"start":{"line":221,"column":24},"end":{"line":221,"column":51}}],"line":221},"12":{"loc":{"start":{"line":224,"column":4},"end":{"line":226,"column":5}},"type":"if","locations":[{"start":{"line":224,"column":4},"end":{"line":226,"column":5}},{"start":{"line":224,"column":4},"end":{"line":226,"column":5}}],"line":224},"13":{"loc":{"start":{"line":255,"column":6},"end":{"line":257,"column":23}},"type":"cond-expr","locations":[{"start":{"line":256,"column":10},"end":{"line":256,"column":37}},{"start":{"line":257,"column":10},"end":{"line":257,"column":23}}],"line":255},"14":{"loc":{"start":{"line":255,"column":6},"end":{"line":255,"column":51}},"type":"binary-expr","locations":[{"start":{"line":255,"column":6},"end":{"line":255,"column":20}},{"start":{"line":255,"column":24},"end":{"line":255,"column":51}}],"line":255},"15":{"loc":{"start":{"line":258,"column":4},"end":{"line":260,"column":5}},"type":"if","locations":[{"start":{"line":258,"column":4},"end":{"line":260,"column":5}},{"start":{"line":258,"column":4},"end":{"line":260,"column":5}}],"line":258},"16":{"loc":{"start":{"line":294,"column":6},"end":{"line":296,"column":23}},"type":"cond-expr","locations":[{"start":{"line":295,"column":10},"end":{"line":295,"column":37}},{"start":{"line":296,"column":10},"end":{"line":296,"column":23}}],"line":294},"17":{"loc":{"start":{"line":294,"column":6},"end":{"line":294,"column":51}},"type":"binary-expr","locations":[{"start":{"line":294,"column":6},"end":{"line":294,"column":20}},{"start":{"line":294,"column":24},"end":{"line":294,"column":51}}],"line":294},"18":{"loc":{"start":{"line":297,"column":4},"end":{"line":299,"column":5}},"type":"if","locations":[{"start":{"line":297,"column":4},"end":{"line":299,"column":5}},{"start":{"line":297,"column":4},"end":{"line":299,"column":5}}],"line":297}},"s":{"0":0,"1":0,"2":0,"3":0,"4":0,"5":0,"6":0,"7":0,"8":0,"9":0,"10":0,"11":0,"12":0,"13":0,"14":0,"15":0,"16":0,"17":0,"18":0,"19":0,"20":0,"21":0,"22":0,"23":0,"24":0,"25":0,"26":0,"27":0,"28":0,"29":0,"30":0,"31":0,"32":0,"33":0,"34":0,"35":0,"36":0,"37":0,"38":0,"39":0,"40":0,"41":0,"42":0,"43":0,"44":0,"45":0,"46":0,"47":0,"48":0,"49":0,"50":0,"51":0,"52":0,"53":0,"54":0,"55":0,"56":0,"57":0,"58":0,"59":0,"60":0,"61":0,"62":0,"63":0,"64":0,"65":0,"66":0,"67":0,"68":0,"69":0,"70":0,"71":0,"72":0,"73":0,"74":0,"75":0,"76":0,"77":0,"78":0,"79":0,"80":0,"81":0,"82":0,"83":0,"84":0,"85":0,"86":0,"87":0,"88":0,"89":0,"90":0,"91":0,"92":0,"93":0},"f":{"0":0,"1":0,"2":0,"3":0,"4":0,"5":0,"6":0,"7":0,"8":0,"9":0,"10":0,"11":0,"12":0,"13":0,"14":0,"15":0},"b":{"0":[0,0],"1":[0,0],"2":[0,0],"3":[0,0],"4":[0,0],"5":[0,0],"6":[0,0],"7":[0,0],"8":[0,0],"9":[0,0],"10":[0,0],"11":[0,0],"12":[0,0],"13":[0,0],"14":[0,0],"15":[0,0],"16":[0,0],"17":[0,0],"18":[0,0]},"hash":"af3a555fdb974f1a6f7b54e9449698aaaea75aca"}
,"C:\\Users\\mayso\\Downloads\\proshop_mern-master\\proshop_mern-master\\frontend\\src\\components\\CheckoutSteps.js": {"path":"C:\\Users\\mayso\\Downloads\\proshop_mern-master\\proshop_mern-master\\frontend\\src\\components\\CheckoutSteps.js","statementMap":{"0":{"start":{"line":5,"column":22},"end":{"line":49,"column":1}},"1":{"start":{"line":6,"column":2},"end":{"line":48,"column":3}}},"fnMap":{"0":{"name":"(anonymous_0)","decl":{"start":{"line":5,"column":22},"end":{"line":5,"column":23}},"loc":{"start":{"line":5,"column":58},"end":{"line":49,"column":1}},"line":5}},"branchMap":{"0":{"loc":{"start":{"line":9,"column":9},"end":{"line":15,"column":9}},"type":"cond-expr","locations":[{"start":{"line":10,"column":10},"end":{"line":12,"column":26}},{"start":{"line":14,"column":10},"end":{"line":14,"column":47}}],"line":9},"1":{"loc":{"start":{"line":19,"column":9},"end":{"line":25,"column":9}},"type":"cond-expr","locations":[{"start":{"line":20,"column":10},"end":{"line":22,"column":26}},{"start":{"line":24,"column":10},"end":{"line":24,"column":48}}],"line":19},"2":{"loc":{"start":{"line":29,"column":9},"end":{"line":35,"column":9}},"type":"cond-expr","locations":[{"start":{"line":30,"column":10},"end":{"line":32,"column":26}},{"start":{"line":34,"column":10},"end":{"line":34,"column":47}}],"line":29},"3":{"loc":{"start":{"line":39,"column":9},"end":{"line":45,"column":9}},"type":"cond-expr","locations":[{"start":{"line":40,"column":10},"end":{"line":42,"column":26}},{"start":{"line":44,"column":10},"end":{"line":44,"column":51}}],"line":39}},"s":{"0":0,"1":0},"f":{"0":0},"b":{"0":[0,0],"1":[0,0],"2":[0,0],"3":[0,0]},"hash":"73a5b5b9d7ae872fdbd816179bfea0defc193316"}
,"C:\\Users\\mayso\\Downloads\\proshop_mern-master\\proshop_mern-master\\frontend\\src\\components\\Footer.js": {"path":"C:\\Users\\mayso\\Downloads\\proshop_mern-master\\proshop_mern-master\\frontend\\src\\components\\Footer.js","statementMap":{"0":{"start":{"line":4,"column":15},"end":{"line":14,"column":1}},"1":{"start":{"line":5,"column":2},"end":{"line":13,"column":3}}},"fnMap":{"0":{"name":"(anonymous_0)","decl":{"start":{"line":4,"column":15},"end":{"line":4,"column":16}},"loc":{"start":{"line":4,"column":21},"end":{"line":14,"column":1}},"line":4}},"branchMap":{},"s":{"0":0,"1":0},"f":{"0":0},"b":{},"hash":"9b0e6d2a0fd22417ab2f73123b68adaab635fa8d"}
,"C:\\Users\\mayso\\Downloads\\proshop_mern-master\\proshop_mern-master\\frontend\\src\\components\\FormContainer.js": {"path":"C:\\Users\\mayso\\Downloads\\proshop_mern-master\\proshop_mern-master\\frontend\\src\\components\\FormContainer.js","statementMap":{"0":{"start":{"line":4,"column":22},"end":{"line":14,"column":1}},"1":{"start":{"line":5,"column":2},"end":{"line":13,"column":3}}},"fnMap":{"0":{"name":"(anonymous_0)","decl":{"start":{"line":4,"column":22},"end":{"line":4,"column":23}},"loc":{"start":{"line":4,"column":40},"end":{"line":14,"column":1}},"line":4}},"branchMap":{},"s":{"0":0,"1":0},"f":{"0":0},"b":{},"hash":"ae6a41c556a450dc7c004311c87fe08e250cc45a"}
,"C:\\Users\\mayso\\Downloads\\proshop_mern-master\\proshop_mern-master\\frontend\\src\\components\\Header.js": {"path":"C:\\Users\\mayso\\Downloads\\proshop_mern-master\\proshop_mern-master\\frontend\\src\\components\\Header.js","statementMap":{"0":{"start":{"line":9,"column":15},"end":{"line":70,"column":1}},"1":{"start":{"line":10,"column":19},"end":{"line":10,"column":32}},"2":{"start":{"line":12,"column":20},"end":{"line":12,"column":59}},"3":{"start":{"line":12,"column":43},"end":{"line":12,"column":58}},"4":{"start":{"line":13,"column":23},"end":{"line":13,"column":32}},"5":{"start":{"line":15,"column":24},"end":{"line":17,"column":3}},"6":{"start":{"line":16,"column":4},"end":{"line":16,"column":22}},"7":{"start":{"line":19,"column":2},"end":{"line":69,"column":3}},"8":{"start":{"line":28,"column":44},"end":{"line":28,"column":75}}},"fnMap":{"0":{"name":"(anonymous_0)","decl":{"start":{"line":9,"column":15},"end":{"line":9,"column":16}},"loc":{"start":{"line":9,"column":21},"end":{"line":70,"column":1}},"line":9},"1":{"name":"(anonymous_1)","decl":{"start":{"line":12,"column":32},"end":{"line":12,"column":33}},"loc":{"start":{"line":12,"column":43},"end":{"line":12,"column":58}},"line":12},"2":{"name":"(anonymous_2)","decl":{"start":{"line":15,"column":24},"end":{"line":15,"column":25}},"loc":{"start":{"line":15,"column":30},"end":{"line":17,"column":3}},"line":15},"3":{"name":"(anonymous_3)","decl":{"start":{"line":28,"column":27},"end":{"line":28,"column":28}},"loc":{"start":{"line":28,"column":44},"end":{"line":28,"column":75}},"line":28}},"branchMap":{"0":{"loc":{"start":{"line":35,"column":15},"end":{"line":50,"column":15}},"type":"cond-expr","locations":[{"start":{"line":36,"column":16},"end":{"line":43,"column":30}},{"start":{"line":45,"column":16},"end":{"line":49,"column":32}}],"line":35},"1":{"loc":{"start":{"line":51,"column":15},"end":{"line":63,"column":15}},"type":"binary-expr","locations":[{"start":{"line":51,"column":15},"end":{"line":51,"column":23}},{"start":{"line":51,"column":27},"end":{"line":51,"column":43}},{"start":{"line":52,"column":16},"end":{"line":62,"column":30}}],"line":51}},"s":{"0":0,"1":0,"2":0,"3":0,"4":0,"5":0,"6":0,"7":0,"8":0},"f":{"0":0,"1":0,"2":0,"3":0},"b":{"0":[0,0],"1":[0,0,0]},"hash":"9d691167c508d348c420ee7df535238a36c6757d"}
,"C:\\Users\\mayso\\Downloads\\proshop_mern-master\\proshop_mern-master\\frontend\\src\\components\\Loader.js": {"path":"C:\\Users\\mayso\\Downloads\\proshop_mern-master\\proshop_mern-master\\frontend\\src\\components\\Loader.js","statementMap":{"0":{"start":{"line":4,"column":15},"end":{"line":19,"column":1}},"1":{"start":{"line":5,"column":2},"end":{"line":18,"column":3}}},"fnMap":{"0":{"name":"(anonymous_0)","decl":{"start":{"line":4,"column":15},"end":{"line":4,"column":16}},"loc":{"start":{"line":4,"column":21},"end":{"line":19,"column":1}},"line":4}},"branchMap":{},"s":{"0":0,"1":0},"f":{"0":0},"b":{},"hash":"00855c5254bc7fa6cef52b94a5b983edcb74bb0b"}
,"C:\\Users\\mayso\\Downloads\\proshop_mern-master\\proshop_mern-master\\frontend\\src\\components\\Message.js": {"path":"C:\\Users\\mayso\\Downloads\\proshop_mern-master\\proshop_mern-master\\frontend\\src\\components\\Message.js","statementMap":{"0":{"start":{"line":4,"column":16},"end":{"line":6,"column":1}},"1":{"start":{"line":5,"column":2},"end":{"line":5,"column":52}},"2":{"start":{"line":8,"column":0},"end":{"line":10,"column":1}}},"fnMap":{"0":{"name":"(anonymous_0)","decl":{"start":{"line":4,"column":16},"end":{"line":4,"column":17}},"loc":{"start":{"line":4,"column":43},"end":{"line":6,"column":1}},"line":4}},"branchMap":{},"s":{"0":0,"1":0,"2":0},"f":{"0":0},"b":{},"hash":"9859c37920edfa965327536420032078fed53717"}
,"C:\\Users\\mayso\\Downloads\\proshop_mern-master\\proshop_mern-master\\frontend\\src\\components\\Meta.js": {"path":"C:\\Users\\mayso\\Downloads\\proshop_mern-master\\proshop_mern-master\\frontend\\src\\components\\Meta.js","statementMap":{"0":{"start":{"line":4,"column":13},"end":{"line":12,"column":1}},"1":{"start":{"line":5,"column":2},"end":{"line":11,"column":3}},"2":{"start":{"line":14,"column":0},"end":{"line":18,"column":1}}},"fnMap":{"0":{"name":"(anonymous_0)","decl":{"start":{"line":4,"column":13},"end":{"line":4,"column":14}},"loc":{"start":{"line":4,"column":51},"end":{"line":12,"column":1}},"line":4}},"branchMap":{},"s":{"0":0,"1":0,"2":0},"f":{"0":0},"b":{},"hash":"330ae77b9c06b4f2a68b02d500b836aae293187a"}
,"C:\\Users\\mayso\\Downloads\\proshop_mern-master\\proshop_mern-master\\frontend\\src\\components\\Paginate.js": {"path":"C:\\Users\\mayso\\Downloads\\proshop_mern-master\\proshop_mern-master\\frontend\\src\\components\\Paginate.js","statementMap":{"0":{"start":{"line":5,"column":17},"end":{"line":26,"column":1}},"1":{"start":{"line":6,"column":2},"end":{"line":25,"column":3}},"2":{"start":{"line":10,"column":10},"end":{"line":21,"column":26}}},"fnMap":{"0":{"name":"(anonymous_0)","decl":{"start":{"line":5,"column":17},"end":{"line":5,"column":18}},"loc":{"start":{"line":5,"column":69},"end":{"line":26,"column":1}},"line":5},"1":{"name":"(anonymous_1)","decl":{"start":{"line":9,"column":38},"end":{"line":9,"column":39}},"loc":{"start":{"line":10,"column":10},"end":{"line":21,"column":26}},"line":10}},"branchMap":{"0":{"loc":{"start":{"line":5,"column":33},"end":{"line":5,"column":48}},"type":"default-arg","locations":[{"start":{"line":5,"column":43},"end":{"line":5,"column":48}}],"line":5},"1":{"loc":{"start":{"line":5,"column":50},"end":{"line":5,"column":62}},"type":"default-arg","locations":[{"start":{"line":5,"column":60},"end":{"line":5,"column":62}}],"line":5},"2":{"loc":{"start":{"line":7,"column":4},"end":{"line":24,"column":5}},"type":"binary-expr","locations":[{"start":{"line":7,"column":4},"end":{"line":7,"column":13}},{"start":{"line":8,"column":6},"end":{"line":23,"column":19}}],"line":7},"3":{"loc":{"start":{"line":13,"column":14},"end":{"line":17,"column":47}},"type":"cond-expr","locations":[{"start":{"line":14,"column":18},"end":{"line":16,"column":36}},{"start":{"line":17,"column":18},"end":{"line":17,"column":47}}],"line":13},"4":{"loc":{"start":{"line":14,"column":18},"end":{"line":16,"column":36}},"type":"cond-expr","locations":[{"start":{"line":15,"column":20},"end":{"line":15,"column":54}},{"start":{"line":16,"column":20},"end":{"line":16,"column":36}}],"line":14}},"s":{"0":0,"1":0,"2":0},"f":{"0":0,"1":0},"b":{"0":[0],"1":[0],"2":[0,0],"3":[0,0],"4":[0,0]},"hash":"89ced08ae9c6957a534d8ce55d2b342f3a26f61a"}
,"C:\\Users\\mayso\\Downloads\\proshop_mern-master\\proshop_mern-master\\frontend\\src\\components\\Product.js": {"path":"C:\\Users\\mayso\\Downloads\\proshop_mern-master\\proshop_mern-master\\frontend\\src\\components\\Product.js","statementMap":{"0":{"start":{"line":6,"column":16},"end":{"line":31,"column":1}},"1":{"start":{"line":7,"column":2},"end":{"line":30,"column":3}}},"fnMap":{"0":{"name":"(anonymous_0)","decl":{"start":{"line":6,"column":16},"end":{"line":6,"column":17}},"loc":{"start":{"line":6,"column":33},"end":{"line":31,"column":1}},"line":6}},"branchMap":{},"s":{"0":0,"1":0},"f":{"0":0},"b":{},"hash":"bc925b12f1cc1a35a93468fbcd6e477033340c3d"}
,"C:\\Users\\mayso\\Downloads\\proshop_mern-master\\proshop_mern-master\\frontend\\src\\components\\ProductCarousel.js": {"path":"C:\\Users\\mayso\\Downloads\\proshop_mern-master\\proshop_mern-master\\frontend\\src\\components\\ProductCarousel.js","statementMap":{"0":{"start":{"line":9,"column":24},"end":{"line":39,"column":1}},"1":{"start":{"line":10,"column":19},"end":{"line":10,"column":32}},"2":{"start":{"line":12,"column":26},"end":{"line":12,"column":71}},"3":{"start":{"line":12,"column":49},"end":{"line":12,"column":70}},"4":{"start":{"line":13,"column":39},"end":{"line":13,"column":54}},"5":{"start":{"line":15,"column":2},"end":{"line":17,"column":16}},"6":{"start":{"line":16,"column":4},"end":{"line":16,"column":31}},"7":{"start":{"line":19,"column":2},"end":{"line":38,"column":3}},"8":{"start":{"line":26,"column":8},"end":{"line":35,"column":24}}},"fnMap":{"0":{"name":"(anonymous_0)","decl":{"start":{"line":9,"column":24},"end":{"line":9,"column":25}},"loc":{"start":{"line":9,"column":30},"end":{"line":39,"column":1}},"line":9},"1":{"name":"(anonymous_1)","decl":{"start":{"line":12,"column":38},"end":{"line":12,"column":39}},"loc":{"start":{"line":12,"column":49},"end":{"line":12,"column":70}},"line":12},"2":{"name":"(anonymous_2)","decl":{"start":{"line":15,"column":12},"end":{"line":15,"column":13}},"loc":{"start":{"line":15,"column":18},"end":{"line":17,"column":3}},"line":15},"3":{"name":"(anonymous_3)","decl":{"start":{"line":25,"column":20},"end":{"line":25,"column":21}},"loc":{"start":{"line":26,"column":8},"end":{"line":35,"column":24}},"line":26}},"branchMap":{"0":{"loc":{"start":{"line":19,"column":9},"end":{"line":38,"column":3}},"type":"cond-expr","locations":[{"start":{"line":20,"column":4},"end":{"line":20,"column":14}},{"start":{"line":21,"column":6},"end":{"line":38,"column":3}}],"line":19},"1":{"loc":{"start":{"line":21,"column":6},"end":{"line":38,"column":3}},"type":"cond-expr","locations":[{"start":{"line":22,"column":4},"end":{"line":22,"column":47}},{"start":{"line":24,"column":4},"end":{"line":37,"column":15}}],"line":21}},"s":{"0":0,"1":0,"2":0,"3":0,"4":0,"5":0,"6":0,"7":0,"8":0},"f":{"0":0,"1":0,"2":0,"3":0},"b":{"0":[0,0],"1":[0,0]},"hash":"48695b7ce38f133e97530dfac3038ceba6004023"}
,"C:\\Users\\mayso\\Downloads\\proshop_mern-master\\proshop_mern-master\\frontend\\src\\components\\Rating.js": {"path":"C:\\Users\\mayso\\Downloads\\proshop_mern-master\\proshop_mern-master\\frontend\\src\\components\\Rating.js","statementMap":{"0":{"start":{"line":3,"column":15},"end":{"line":69,"column":1}},"1":{"start":{"line":4,"column":2},"end":{"line":68,"column":3}},"2":{"start":{"line":71,"column":0},"end":{"line":73,"column":1}}},"fnMap":{"0":{"name":"(anonymous_0)","decl":{"start":{"line":3,"column":15},"end":{"line":3,"column":16}},"loc":{"start":{"line":3,"column":43},"end":{"line":69,"column":1}},"line":3}},"branchMap":{"0":{"loc":{"start":{"line":10,"column":12},"end":{"line":14,"column":29}},"type":"cond-expr","locations":[{"start":{"line":11,"column":16},"end":{"line":11,"column":29}},{"start":{"line":12,"column":16},"end":{"line":14,"column":29}}],"line":10},"1":{"loc":{"start":{"line":12,"column":16},"end":{"line":14,"column":29}},"type":"cond-expr","locations":[{"start":{"line":13,"column":16},"end":{"line":13,"column":38}},{"start":{"line":14,"column":16},"end":{"line":14,"column":29}}],"line":12},"2":{"loc":{"start":{"line":22,"column":12},"end":{"line":26,"column":29}},"type":"cond-expr","locations":[{"start":{"line":23,"column":16},"end":{"line":23,"column":29}},{"start":{"line":24,"column":16},"end":{"line":26,"column":29}}],"line":22},"3":{"loc":{"start":{"line":24,"column":16},"end":{"line":26,"column":29}},"type":"cond-expr","locations":[{"start":{"line":25,"column":16},"end":{"line":25,"column":38}},{"start":{"line":26,"column":16},"end":{"line":26,"column":29}}],"line":24},"4":{"loc":{"start":{"line":34,"column":12},"end":{"line":38,"column":29}},"type":"cond-expr","locations":[{"start":{"line":35,"column":16},"end":{"line":35,"column":29}},{"start":{"line":36,"column":16},"end":{"line":38,"column":29}}],"line":34},"5":{"loc":{"start":{"line":36,"column":16},"end":{"line":38,"column":29}},"type":"cond-expr","locations":[{"start":{"line":37,"column":16},"end":{"line":37,"column":38}},{"start":{"line":38,"column":16},"end":{"line":38,"column":29}}],"line":36},"6":{"loc":{"start":{"line":46,"column":12},"end":{"line":50,"column":29}},"type":"cond-expr","locations":[{"start":{"line":47,"column":16},"end":{"line":47,"column":29}},{"start":{"line":48,"column":16},"end":{"line":50,"column":29}}],"line":46},"7":{"loc":{"start":{"line":48,"column":16},"end":{"line":50,"column":29}},"type":"cond-expr","locations":[{"start":{"line":49,"column":16},"end":{"line":49,"column":38}},{"start":{"line":50,"column":16},"end":{"line":50,"column":29}}],"line":48},"8":{"loc":{"start":{"line":58,"column":12},"end":{"line":62,"column":29}},"type":"cond-expr","locations":[{"start":{"line":59,"column":16},"end":{"line":59,"column":29}},{"start":{"line":60,"column":16},"end":{"line":62,"column":29}}],"line":58},"9":{"loc":{"start":{"line":60,"column":16},"end":{"line":62,"column":29}},"type":"cond-expr","locations":[{"start":{"line":61,"column":16},"end":{"line":61,"column":38}},{"start":{"line":62,"column":16},"end":{"line":62,"column":29}}],"line":60},"10":{"loc":{"start":{"line":66,"column":13},"end":{"line":66,"column":25}},"type":"binary-expr","locations":[{"start":{"line":66,"column":13},"end":{"line":66,"column":17}},{"start":{"line":66,"column":21},"end":{"line":66,"column":25}}],"line":66}},"s":{"0":0,"1":0,"2":0},"f":{"0":0},"b":{"0":[0,0],"1":[0,0],"2":[0,0],"3":[0,0],"4":[0,0],"5":[0,0],"6":[0,0],"7":[0,0],"8":[0,0],"9":[0,0],"10":[0,0]},"hash":"2e4ca1fd56fe6bce61c8fa8ce11242654ce5a815"}
,"C:\\Users\\mayso\\Downloads\\proshop_mern-master\\proshop_mern-master\\frontend\\src\\components\\RegisterForm.js": {"path":"C:\\Users\\mayso\\Downloads\\proshop_mern-master\\proshop_mern-master\\frontend\\src\\components\\RegisterForm.js","statementMap":{},"fnMap":{},"branchMap":{},"s":{},"f":{},"b":{},"hash":"2a62768557d76b50dbd18263465310c09ca139b5"}
,"C:\\Users\\mayso\\Downloads\\proshop_mern-master\\proshop_mern-master\\frontend\\src\\components\\SearchBox.js": {"path":"C:\\Users\\mayso\\Downloads\\proshop_mern-master\\proshop_mern-master\\frontend\\src\\components\\SearchBox.js","statementMap":{"0":{"start":{"line":4,"column":18},"end":{"line":30,"column":1}},"1":{"start":{"line":5,"column":32},"end":{"line":5,"column":44}},"2":{"start":{"line":7,"column":24},"end":{"line":14,"column":3}},"3":{"start":{"line":8,"column":4},"end":{"line":8,"column":22}},"4":{"start":{"line":9,"column":4},"end":{"line":13,"column":5}},"5":{"start":{"line":10,"column":6},"end":{"line":10,"column":40}},"6":{"start":{"line":12,"column":6},"end":{"line":12,"column":23}},"7":{"start":{"line":16,"column":2},"end":{"line":29,"column":3}},"8":{"start":{"line":21,"column":25},"end":{"line":21,"column":51}}},"fnMap":{"0":{"name":"(anonymous_0)","decl":{"start":{"line":4,"column":18},"end":{"line":4,"column":19}},"loc":{"start":{"line":4,"column":35},"end":{"line":30,"column":1}},"line":4},"1":{"name":"(anonymous_1)","decl":{"start":{"line":7,"column":24},"end":{"line":7,"column":25}},"loc":{"start":{"line":7,"column":31},"end":{"line":14,"column":3}},"line":7},"2":{"name":"(anonymous_2)","decl":{"start":{"line":21,"column":18},"end":{"line":21,"column":19}},"loc":{"start":{"line":21,"column":25},"end":{"line":21,"column":51}},"line":21}},"branchMap":{"0":{"loc":{"start":{"line":9,"column":4},"end":{"line":13,"column":5}},"type":"if","locations":[{"start":{"line":9,"column":4},"end":{"line":13,"column":5}},{"start":{"line":9,"column":4},"end":{"line":13,"column":5}}],"line":9}},"s":{"0":0,"1":0,"2":0,"3":0,"4":0,"5":0,"6":0,"7":0,"8":0},"f":{"0":0,"1":0,"2":0},"b":{"0":[0,0]},"hash":"e297f459613b023df8d224f650245efe998cd30a"}
,"C:\\Users\\mayso\\Downloads\\proshop_mern-master\\proshop_mern-master\\frontend\\src\\constants\\cartConstants.js": {"path":"C:\\Users\\mayso\\Downloads\\proshop_mern-master\\proshop_mern-master\\frontend\\src\\constants\\cartConstants.js","statementMap":{"0":{"start":{"line":1,"column":29},"end":{"line":1,"column":44}},"1":{"start":{"line":2,"column":32},"end":{"line":2,"column":44}},"2":{"start":{"line":3,"column":32},"end":{"line":3,"column":50}},"3":{"start":{"line":4,"column":42},"end":{"line":4,"column":70}},"4":{"start":{"line":5,"column":40},"end":{"line":5,"column":66}}},"fnMap":{},"branchMap":{},"s":{"0":0,"1":0,"2":0,"3":0,"4":0},"f":{},"b":{},"hash":"00b5a465dd3d6e84b080c432abc84f9478dd9d36"}
,"C:\\Users\\mayso\\Downloads\\proshop_mern-master\\proshop_mern-master\\frontend\\src\\constants\\orderConstants.js": {"path":"C:\\Users\\mayso\\Downloads\\proshop_mern-master\\proshop_mern-master\\frontend\\src\\constants\\orderConstants.js","statementMap":{"0":{"start":{"line":1,"column":36},"end":{"line":1,"column":58}},"1":{"start":{"line":2,"column":36},"end":{"line":2,"column":58}},"2":{"start":{"line":3,"column":33},"end":{"line":3,"column":52}},"3":{"start":{"line":4,"column":34},"end":{"line":4,"column":54}},"4":{"start":{"line":6,"column":37},"end":{"line":6,"column":60}},"5":{"start":{"line":7,"column":37},"end":{"line":7,"column":60}},"6":{"start":{"line":8,"column":34},"end":{"line":8,"column":54}},"7":{"start":{"line":10,"column":33},"end":{"line":10,"column":52}},"8":{"start":{"line":11,"column":33},"end":{"line":11,"column":52}},"9":{"start":{"line":12,"column":30},"end":{"line":12,"column":46}},"10":{"start":{"line":13,"column":31},"end":{"line":13,"column":48}},"11":{"start":{"line":15,"column":37},"end":{"line":15,"column":60}},"12":{"start":{"line":16,"column":37},"end":{"line":16,"column":60}},"13":{"start":{"line":17,"column":34},"end":{"line":17,"column":54}},"14":{"start":{"line":18,"column":35},"end":{"line":18,"column":56}},"15":{"start":{"line":20,"column":34},"end":{"line":20,"column":54}},"16":{"start":{"line":21,"column":34},"end":{"line":21,"column":54}},"17":{"start":{"line":22,"column":31},"end":{"line":22,"column":48}},"18":{"start":{"line":24,"column":37},"end":{"line":24,"column":60}},"19":{"start":{"line":25,"column":37},"end":{"line":25,"column":60}},"20":{"start":{"line":26,"column":34},"end":{"line":26,"column":54}},"21":{"start":{"line":27,"column":35},"end":{"line":27,"column":56}}},"fnMap":{},"branchMap":{},"s":{"0":0,"1":0,"2":0,"3":0,"4":0,"5":0,"6":0,"7":0,"8":0,"9":0,"10":0,"11":0,"12":0,"13":0,"14":0,"15":0,"16":0,"17":0,"18":0,"19":0,"20":0,"21":0},"f":{},"b":{},"hash":"76dc8075743f7ba37c87a8f4cd3390698e3526b9"}
[...]
,"C:\\Users\\mayso\\Downloads\\proshop_mern-master\\proshop_mern-master\\frontend\\src\\screens\\RegisterScreen.js": {"path":"C:\\Users\\mayso\\Downloads\\proshop_mern-master\\proshop_mern-master\\frontend\\src\\screens\\RegisterScreen.js","statementMap":{"0":{"start":{"line":10,"column":23},"end":{"line":101,"column":1}},"1":{"start":{"line":11,"column":26},"end":{"line":11,"column":38}},"2":{"start":{"line":12,"column":28},"end":{"line":12,"column":40}},"3":{"start":{"line":13,"column":34},"end":{"line":13,"column":46}},"4":{"start":{"line":14,"column":48},"end":{"line":14,"column":60}},"5":{"start":{"line":15,"column":32},"end":{"line":15,"column":46}},"6":{"start":{"line":17,"column":19},"end":{"line":17,"column":32}},"7":{"start":{"line":19,"column":23},"end":{"line":19,"column":65}},"8":{"start":{"line":19,"column":46},"end":{"line":19,"column":64}},"9":{"start":{"line":20,"column":39},"end":{"line":20,"column":51}},"10":{"start":{"line":22,"column":19},"end":{"line":22,"column":72}},"11":{"start":{"line":24,"column":2},"end":{"line":28,"column":35}},"12":{"start":{"line":25,"column":4},"end":{"line":27,"column":5}},"13":{"start":{"line":26,"column":6},"end":{"line":26,"column":28}},"14":{"start":{"line":30,"column":24},"end":{"line":37,"column":3}},"15":{"start":{"line":31,"column":4},"end":{"line":31,"column":22}},"16":{"start":{"line":32,"column":4},"end":{"line":36,"column":5}},"17":{"start":{"line":33,"column":6},"end":{"line":33,"column":42}},"18":{"start":{"line":35,"column":6},"end":{"line":35,"column":47}},"19":{"start":{"line":39,"column":2},"end":{"line":100,"column":3}},"20":{"start":{"line":52,"column":29},"end":{"line":52,"column":52}},"21":{"start":{"line":62,"column":29},"end":{"line":62,"column":53}},"22":{"start":{"line":72,"column":29},"end":{"line":72,"column":56}},"23":{"start":{"line":82,"column":29},"end":{"line":82,"column":63}}},"fnMap":{"0":{"name":"(anonymous_0)","decl":{"start":{"line":10,"column":23},"end":{"line":10,"column":24}},"loc":{"start":{"line":10,"column":50},"end":{"line":101,"column":1}},"line":10},"1":{"name":"(anonymous_1)","decl":{"start":{"line":19,"column":35},"end":{"line":19,"column":36}},"loc":{"start":{"line":19,"column":46},"end":{"line":19,"column":64}},"line":19},"2":{"name":"(anonymous_2)","decl":{"start":{"line":24,"column":12},"end":{"line":24,"column":13}},"loc":{"start":{"line":24,"column":18},"end":{"line":28,"column":3}},"line":24},"3":{"name":"(anonymous_3)","decl":{"start":{"line":30,"column":24},"end":{"line":30,"column":25}},"loc":{"start":{"line":30,"column":31},"end":{"line":37,"column":3}},"line":30},"4":{"name":"(anonymous_4)","decl":{"start":{"line":52,"column":22},"end":{"line":52,"column":23}},"loc":{"start":{"line":52,"column":29},"end":{"line":52,"column":52}},"line":52},"5":{"name":"(anonymous_5)","decl":{"start":{"line":62,"column":22},"end":{"line":62,"column":23}},"loc":{"start":{"line":62,"column":29},"end":{"line":62,"column":53}},"line":62},"6":{"name":"(anonymous_6)","decl":{"start":{"line":72,"column":22},"end":{"line":72,"column":23}},"loc":{"start":{"line":72,"column":29},"end":{"line":72,"column":56}},"line":72},"7":{"name":"(anonymous_7)","decl":{"start":{"line":82,"column":22},"end":{"line":82,"column":23}},"loc":{"start":{"line":82,"column":29},"end":{"line":82,"column":63}},"line":82}},"branchMap":{"0":{"loc":{"start":{"line":22,"column":19},"end":{"line":22,"column":72}},"type":"cond-expr","locations":[{"start":{"line":22,"column":37},"end":{"line":22,"column":66}},{"start":{"line":22,"column":69},"end":{"line":22,"column":72}}],"line":22},"1":{"loc":{"start":{"line":25,"column":4},"end":{"line":27,"column":5}},"type":"if","locations":[{"start":{"line":25,"column":4},"end":{"line":27,"column":5}},{"start":{"line":25,"column":4},"end":{"line":27,"column":5}}],"line":25},"2":{"loc":{"start":{"line":32,"column":4},"end":{"line":36,"column":5}},"type":"if","locations":[{"start":{"line":32,"column":4},"end":{"line":36,"column":5}},{"start":{"line":32,"column":4},"end":{"line":36,"column":5}}],"line":32},"3":{"loc":{"start":{"line":42,"column":7},"end":{"line":42,"column":63}},"type":"binary-expr","locations":[{"start":{"line":42,"column":7},"end":{"line":42,"column":14}},{"start":{"line":42,"column":18},"end":{"line":42,"column":63}}],"line":42},"4":{"loc":{"start":{"line":43,"column":7},"end":{"line":43,"column":59}},"type":"binary-expr","locations":[{"start":{"line":43,"column":7},"end":{"line":43,"column":12}},{"start":{"line":43,"column":16},"end":{"line":43,"column":59}}],"line":43},"5":{"loc":{"start":{"line":44,"column":7},"end":{"line":44,"column":28}},"type":"binary-expr","locations":[{"start":{"line":44,"column":7},"end":{"line":44,"column":14}},{"start":{"line":44,"column":18},"end":{"line":44,"column":28}}],"line":44},"6":{"loc":{"start":{"line":94,"column":20},"end":{"line":94,"column":71}},"type":"cond-expr","locations":[{"start":{"line":94,"column":31},"end":{"line":94,"column":60}},{"start":{"line":94,"column":63},"end":{"line":94,"column":71}}],"line":94}},"s":{"0":1,"1":26,"2":26,"3":26,"4":26,"5":26,"6":26,"7":26,"8":0,"9":26,"10":26,"11":26,"12":12,"13":1,"14":26,"15":6,"16":6,"17":3,"18":3,"19":26,"20":0,"21":3,"22":4,"23":4},"f":{"0":26,"1":0,"2":12,"3":6,"4":0,"5":3,"6":4,"7":4},"b":{"0":[0,26],"1":[1,11],"2":[3,3],"3":[26,4],"4":[26,1],"5":[26,1],"6":[26,0]},"_coverageSchema":"43e27e138ebf9cfc5966b082cf9a028302ed4184","hash":"d57772f38a253cef8c4da8149f39c6079eb3e7d4"}
,"C:\\Users\\mayso\\Downloads\\proshop_mern-master\\proshop_mern-master\\frontend\\src\\screens\\ShippingScreen.js": {"path":"C:\\Users\\mayso\\Downloads\\proshop_mern-master\\proshop_mern-master\\frontend\\src\\screens\\ShippingScreen.js","statementMap":{"0":{"start":{"line":8,"column":23},"end":{"line":80,"column":1}},"1":{"start":{"line":9,"column":15},"end":{"line":9,"column":49}},"2":{"start":{"line":9,"column":38},"end":{"line":9,"column":48}},"3":{"start":{"line":10,"column":30},"end":{"line":10,"column":34}},"4":{"start":{"line":12,"column":32},"end":{"line":12,"column":65}},"5":{"start":{"line":13,"column":26},"end":{"line":13,"column":56}},"6":{"start":{"line":14,"column":38},"end":{"line":14,"column":74}},"7":{"start":{"line":15,"column":32},"end":{"line":15,"column":65}},"8":{"start":{"line":17,"column":19},"end":{"line":17,"column":32}},"9":{"start":{"line":19,"column":24},"end":{"line":23,"column":3}},"10":{"start":{"line":20,"column":4},"end":{"line":20,"column":22}},"11":{"start":{"line":21,"column":4},"end":{"line":21,"column":73}},"12":{"start":{"line":22,"column":4},"end":{"line":22,"column":28}},"13":{"start":{"line":25,"column":2},"end":{"line":79,"column":3}},"14":{"start":{"line":37,"column":29},"end":{"line":37,"column":55}},"15":{"start":{"line":48,"column":29},"end":{"line":48,"column":52}},"16":{"start":{"line":59,"column":29},"end":{"line":59,"column":58}},"17":{"start":{"line":70,"column":29},"end":{"line":70,"column":55}}},"fnMap":{"0":{"name":"(anonymous_0)","decl":{"start":{"line":8,"column":23},"end":{"line":8,"column":24}},"loc":{"start":{"line":8,"column":40},"end":{"line":80,"column":1}},"line":8},"1":{"name":"(anonymous_1)","decl":{"start":{"line":9,"column":27},"end":{"line":9,"column":28}},"loc":{"start":{"line":9,"column":38},"end":{"line":9,"column":48}},"line":9},"2":{"name":"(anonymous_2)","decl":{"start":{"line":19,"column":24},"end":{"line":19,"column":25}},"loc":{"start":{"line":19,"column":31},"end":{"line":23,"column":3}},"line":19},"3":{"name":"(anonymous_3)","decl":{"start":{"line":37,"column":22},"end":{"line":37,"column":23}},"loc":{"start":{"line":37,"column":29},"end":{"line":37,"column":55}},"line":37},"4":{"name":"(anonymous_4)","decl":{"start":{"line":48,"column":22},"end":{"line":48,"column":23}},"loc":{"start":{"line":48,"column":29},"end":{"line":48,"column":52}},"line":48},"5":{"name":"(anonymous_5)","decl":{"start":{"line":59,"column":22},"end":{"line":59,"column":23}},"loc":{"start":{"line":59,"column":29},"end":{"line":59,"column":58}},"line":59},"6":{"name":"(anonymous_6)","decl":{"start":{"line":70,"column":22},"end":{"line":70,"column":23}},"loc":{"start":{"line":70,"column":29},"end":{"line":70,"column":55}},"line":70}},"branchMap":{},"s":{"0":0,"1":0,"2":0,"3":0,"4":0,"5":0,"6":0,"7":0,"8":0,"9":0,"10":0,"11":0,"12":0,"13":0,"14":0,"15":0,"16":0,"17":0},"f":{"0":0,"1":0,"2":0,"3":0,"4":0,"5":0,"6":0},"b":{},"hash":"25c98b22d2290fea719f0e4a930f46f34df14406"}
,"C:\\Users\\mayso\\Downloads\\proshop_mern-master\\proshop_mern-master\\frontend\\src\\screens\\UserEditScreen.js": {"path":"C:\\Users\\mayso\\Downloads\\proshop_mern-master\\proshop_mern-master\\frontend\\src\\screens\\UserEditScreen.js","statementMap":{"0":{"start":{"line":11,"column":23},"end":{"line":102,"column":1}},"1":{"start":{"line":12,"column":17},"end":{"line":12,"column":32}},"2":{"start":{"line":14,"column":26},"end":{"line":14,"column":38}},"3":{"start":{"line":15,"column":28},"end":{"line":15,"column":40}},"4":{"start":{"line":16,"column":32},"end":{"line":16,"column":47}},"5":{"start":{"line":18,"column":19},"end":{"line":18,"column":32}},"6":{"start":{"line":20,"column":22},"end":{"line":20,"column":63}},"7":{"start":{"line":20,"column":45},"end":{"line":20,"column":62}},"8":{"start":{"line":21,"column":35},"end":{"line":21,"column":46}},"9":{"start":{"line":23,"column":21},"end":{"line":23,"column":61}},"10":{"start":{"line":23,"column":44},"end":{"line":23,"column":60}},"11":{"start":{"line":28,"column":6},"end":{"line":28,"column":16}},"12":{"start":{"line":30,"column":2},"end":{"line":43,"column":54}},"13":{"start":{"line":31,"column":4},"end":{"line":42,"column":5}},"14":{"start":{"line":32,"column":6},"end":{"line":32,"column":43}},"15":{"start":{"line":33,"column":6},"end":{"line":33,"column":37}},"16":{"start":{"line":35,"column":6},"end":{"line":41,"column":7}},"17":{"start":{"line":36,"column":8},"end":{"line":36,"column":40}},"18":{"start":{"line":38,"column":8},"end":{"line":38,"column":26}},"19":{"start":{"line":39,"column":8},"end":{"line":39,"column":28}},"20":{"start":{"line":40,"column":8},"end":{"line":40,"column":32}},"21":{"start":{"line":45,"column":24},"end":{"line":48,"column":3}},"22":{"start":{"line":46,"column":4},"end":{"line":46,"column":22}},"23":{"start":{"line":47,"column":4},"end":{"line":47,"column":63}},"24":{"start":{"line":50,"column":2},"end":{"line":101,"column":3}},"25":{"start":{"line":71,"column":33},"end":{"line":71,"column":56}},"26":{"start":{"line":81,"column":33},"end":{"line":81,"column":57}},"27":{"start":{"line":90,"column":33},"end":{"line":90,"column":61}}},"fnMap":{"0":{"name":"(anonymous_0)","decl":{"start":{"line":11,"column":23},"end":{"line":11,"column":24}},"loc":{"start":{"line":11,"column":47},"end":{"line":102,"column":1}},"line":11},"1":{"name":"(anonymous_1)","decl":{"start":{"line":20,"column":34},"end":{"line":20,"column":35}},"loc":{"start":{"line":20,"column":45},"end":{"line":20,"column":62}},"line":20},"2":{"name":"(anonymous_2)","decl":{"start":{"line":23,"column":33},"end":{"line":23,"column":34}},"loc":{"start":{"line":23,"column":44},"end":{"line":23,"column":60}},"line":23},"3":{"name":"(anonymous_3)","decl":{"start":{"line":30,"column":12},"end":{"line":30,"column":13}},"loc":{"start":{"line":30,"column":18},"end":{"line":43,"column":3}},"line":30},"4":{"name":"(anonymous_4)","decl":{"start":{"line":45,"column":24},"end":{"line":45,"column":25}},"loc":{"start":{"line":45,"column":31},"end":{"line":48,"column":3}},"line":45},"5":{"name":"(anonymous_5)","decl":{"start":{"line":71,"column":26},"end":{"line":71,"column":27}},"loc":{"start":{"line":71,"column":33},"end":{"line":71,"column":56}},"line":71},"6":{"name":"(anonymous_6)","decl":{"start":{"line":81,"column":26},"end":{"line":81,"column":27}},"loc":{"start":{"line":81,"column":33},"end":{"line":81,"column":57}},"line":81},"7":{"name":"(anonymous_7)","decl":{"start":{"line":90,"column":26},"end":{"line":90,"column":27}},"loc":{"start":{"line":90,"column":33},"end":{"line":90,"column":61}},"line":90}},"branchMap":{"0":{"loc":{"start":{"line":31,"column":4},"end":{"line":42,"column":5}},"type":"if","locations":[{"start":{"line":31,"column":4},"end":{"line":42,"column":5}},{"start":{"line":31,"column":4},"end":{"line":42,"column":5}}],"line":31},"1":{"loc":{"start":{"line":35,"column":6},"end":{"line":41,"column":7}},"type":"if","locations":[{"start":{"line":35,"column":6},"end":{"line":41,"column":7}},{"start":{"line":35,"column":6},"end":{"line":41,"column":7}}],"line":35},"2":{"loc":{"start":{"line":35,"column":10},"end":{"line":35,"column":43}},"type":"binary-expr","locations":[{"start":{"line":35,"column":10},"end":{"line":35,"column":20}},{"start":{"line":35,"column":24},"end":{"line":35,"column":43}}],"line":35},"3":{"loc":{"start":{"line":57,"column":9},"end":{"line":57,"column":36}},"type":"binary-expr","locations":[{"start":{"line":57,"column":9},"end":{"line":57,"column":22}},{"start":{"line":57,"column":26},"end":{"line":57,"column":36}}],"line":57},"4":{"loc":{"start":{"line":58,"column":9},"end":{"line":58,"column":73}},"type":"binary-expr","locations":[{"start":{"line":58,"column":9},"end":{"line":58,"column":20}},{"start":{"line":58,"column":24},"end":{"line":58,"column":73}}],"line":58},"5":{"loc":{"start":{"line":59,"column":9},"end":{"line":98,"column":9}},"type":"cond-expr","locations":[{"start":{"line":60,"column":10},"end":{"line":60,"column":20}},{"start":{"line":61,"column":12},"end":{"line":98,"column":9}}],"line":59},"6":{"loc":{"start":{"line":61,"column":12},"end":{"line":98,"column":9}},"type":"cond-expr","locations":[{"start":{"line":62,"column":10},"end":{"line":62,"column":53}},{"start":{"line":64,"column":10},"end":{"line":97,"column":17}}],"line":61}},"s":{"0":0,"1":0,"2":0,"3":0,"4":0,"5":0,"6":0,"7":0,"8":0,"9":0,"10":0,"11":0,"12":0,"13":0,"14":0,"15":0,"16":0,"17":0,"18":0,"19":0,"20":0,"21":0,"22":0,"23":0,"24":0,"25":0,"26":0,"27":0},"f":{"0":0,"1":0,"2":0,"3":0,"4":0,"5":0,"6":0,"7":0},"b":{"0":[0,0],"1":[0,0],"2":[0,0],"3":[0,0],"4":[0,0],"5":[0,0],"6":[0,0]},"hash":"d6bbd6535fff4fbd713d89e644cf718210bf2a94"}
,"C:\\Users\\mayso\\Downloads\\proshop_mern-master\\proshop_mern-master\\frontend\\src\\screens\\UserListScreen.js": {"path":"C:\\Users\\mayso\\Downloads\\proshop_mern-master\\proshop_mern-master\\frontend\\src\\screens\\UserListScreen.js","statementMap":{"0":{"start":{"line":9,"column":23},"end":{"line":89,"column":1}},"1":{"start":{"line":10,"column":19},"end":{"line":10,"column":32}},"2":{"start":{"line":12,"column":19},"end":{"line":12,"column":57}},"3":{"start":{"line":12,"column":42},"end":{"line":12,"column":56}},"4":{"start":{"line":13,"column":36},"end":{"line":13,"column":44}},"5":{"start":{"line":15,"column":20},"end":{"line":15,"column":59}},"6":{"start":{"line":15,"column":43},"end":{"line":15,"column":58}},"7":{"start":{"line":16,"column":23},"end":{"line":16,"column":32}},"8":{"start":{"line":18,"column":21},"end":{"line":18,"column":61}},"9":{"start":{"line":18,"column":44},"end":{"line":18,"column":60}},"10":{"start":{"line":19,"column":37},"end":{"line":19,"column":47}},"11":{"start":{"line":21,"column":2},"end":{"line":27,"column":50}},"12":{"start":{"line":22,"column":4},"end":{"line":26,"column":5}},"13":{"start":{"line":23,"column":6},"end":{"line":23,"column":27}},"14":{"start":{"line":25,"column":6},"end":{"line":25,"column":28}},"15":{"start":{"line":29,"column":24},"end":{"line":33,"column":3}},"16":{"start":{"line":30,"column":4},"end":{"line":32,"column":5}},"17":{"start":{"line":31,"column":6},"end":{"line":31,"column":30}},"18":{"start":{"line":35,"column":2},"end":{"line":88,"column":3}},"19":{"start":{"line":55,"column":14},"end":{"line":82,"column":19}},"20":{"start":{"line":77,"column":35},"end":{"line":77,"column":58}}},"fnMap":{"0":{"name":"(anonymous_0)","decl":{"start":{"line":9,"column":23},"end":{"line":9,"column":24}},"loc":{"start":{"line":9,"column":40},"end":{"line":89,"column":1}},"line":9},"1":{"name":"(anonymous_1)","decl":{"start":{"line":12,"column":31},"end":{"line":12,"column":32}},"loc":{"start":{"line":12,"column":42},"end":{"line":12,"column":56}},"line":12},"2":{"name":"(anonymous_2)","decl":{"start":{"line":15,"column":32},"end":{"line":15,"column":33}},"loc":{"start":{"line":15,"column":43},"end":{"line":15,"column":58}},"line":15},"3":{"name":"(anonymous_3)","decl":{"start":{"line":18,"column":33},"end":{"line":18,"column":34}},"loc":{"start":{"line":18,"column":44},"end":{"line":18,"column":60}},"line":18},"4":{"name":"(anonymous_4)","decl":{"start":{"line":21,"column":12},"end":{"line":21,"column":13}},"loc":{"start":{"line":21,"column":18},"end":{"line":27,"column":3}},"line":21},"5":{"name":"(anonymous_5)","decl":{"start":{"line":29,"column":24},"end":{"line":29,"column":25}},"loc":{"start":{"line":29,"column":32},"end":{"line":33,"column":3}},"line":29},"6":{"name":"(anonymous_6)","decl":{"start":{"line":54,"column":23},"end":{"line":54,"column":24}},"loc":{"start":{"line":55,"column":14},"end":{"line":82,"column":19}},"line":55},"7":{"name":"(anonymous_7)","decl":{"start":{"line":77,"column":29},"end":{"line":77,"column":30}},"loc":{"start":{"line":77,"column":35},"end":{"line":77,"column":58}},"line":77}},"branchMap":{"0":{"loc":{"start":{"line":22,"column":4},"end":{"line":26,"column":5}},"type":"if","locations":[{"start":{"line":22,"column":4},"end":{"line":26,"column":5}},{"start":{"line":22,"column":4},"end":{"line":26,"column":5}}],"line":22},"1":{"loc":{"start":{"line":22,"column":8},"end":{"line":22,"column":36}},"type":"binary-expr","locations":[{"start":{"line":22,"column":8},"end":{"line":22,"column":16}},{"start":{"line":22,"column":20},"end":{"line":22,"column":36}}],"line":22},"2":{"loc":{"start":{"line":30,"column":4},"end":{"line":32,"column":5}},"type":"if","locations":[{"start":{"line":30,"column":4},"end":{"line":32,"column":5}},{"start":{"line":30,"column":4},"end":{"line":32,"column":5}}],"line":30},"3":{"loc":{"start":{"line":38,"column":7},"end":{"line":86,"column":7}},"type":"cond-expr","locations":[{"start":{"line":39,"column":8},"end":{"line":39,"column":18}},{"start":{"line":40,"column":10},"end":{"line":86,"column":7}}],"line":38},"4":{"loc":{"start":{"line":40,"column":10},"end":{"line":86,"column":7}},"type":"cond-expr","locations":[{"start":{"line":41,"column":8},"end":{"line":41,"column":51}},{"start":{"line":43,"column":8},"end":{"line":85,"column":16}}],"line":40},"5":{"loc":{"start":{"line":62,"column":19},"end":{"line":66,"column":19}},"type":"cond-expr","locations":[{"start":{"line":63,"column":20},"end":{"line":63,"column":79}},{"start":{"line":65,"column":20},"end":{"line":65,"column":77}}],"line":62}},"s":{"0":0,"1":0,"2":0,"3":0,"4":0,"5":0,"6":0,"7":0,"8":0,"9":0,"10":0,"11":0,"12":0,"13":0,"14":0,"15":0,"16":0,"17":0,"18":0,"19":0,"20":0},"f":{"0":0,"1":0,"2":0,"3":0,"4":0,"5":0,"6":0,"7":0},"b":{"0":[0,0],"1":[0,0],"2":[0,0],"3":[0,0],"4":[0,0],"5":[0,0]},"hash":"ef44ac2fc1b36623e8170cbb7dfc76d6095c567c"}
}
